2022-12-04 03:26:03 +0000: Memory Usage (540956K) : Starting running GF180MCU Klayout DRC runset on /home/ivan/Documentos/global_foundries/gf180-demo/caravel_user_project/gds/user_project_wrapper.gds
2022-12-04 03:26:03 +0000: Memory Usage (540956K) : Ruby Version for klayout: 2.0.0
2022-12-04 03:26:03 +0000: Memory Usage (554580K) : Loading database to memory is complete.
2022-12-04 03:26:03 +0000: Memory Usage (554580K) : GF180MCU Klayout DRC runset output at: /home/ivan/Documentos/global_foundries/gf180-demo/caravel_user_project/precheck_results/04_DEC_2022___03_25_02/outputs/reports/klayout_feol_check.xml
2022-12-04 03:26:03 +0000: Memory Usage (554580K) : Number of threads to use 4
2022-12-04 03:26:03 +0000: Memory Usage (554580K) : flat  mode is enabled.
2022-12-04 03:26:03 +0000: Memory Usage (554580K) : Read in polygons from layers.
2022-12-04 03:26:10 +0000: Memory Usage (704656K) : Starting deriving base layers.
2022-12-04 03:26:13 +0000: Memory Usage (819008K) : Evaluate switches.
2022-12-04 03:26:13 +0000: Memory Usage (819008K) : FEOL is enabled.
2022-12-04 03:26:13 +0000: Memory Usage (819008K) : BEOL is disabled.
2022-12-04 03:26:13 +0000: Memory Usage (819008K) : connectivity rules are enabled.
2022-12-04 03:26:13 +0000: Memory Usage (819008K) : METAL_TOP Selected is 9K
2022-12-04 03:26:13 +0000: Memory Usage (819008K) : METAL_STACK Selected is 5LM
2022-12-04 03:26:13 +0000: Memory Usage (819008K) : Wedge enabled  true
2022-12-04 03:26:13 +0000: Memory Usage (819008K) : Ball enabled  true
2022-12-04 03:26:13 +0000: Memory Usage (819008K) : Gold enabled  true
2022-12-04 03:26:13 +0000: Memory Usage (819008K) : MIM Option selected B
/home/ivan/mpw_precheck/checks/tech-files/gf180mcuC_mr.drc:543: warning: already initialized constant DRC::DRCEngine::OFFGRID
/home/ivan/mpw_precheck/checks/tech-files/gf180mcuC_mr.drc:463: warning: previous definition of OFFGRID was here
2022-12-04 03:26:13 +0000: Memory Usage (819008K) : Offgrid enabled  true
2022-12-04 03:26:13 +0000: Memory Usage (819008K) : Construct connectivity for the design.
2022-12-04 03:26:16 +0000: Memory Usage (819008K) : Connectivity rules enabled, Netlist object will be generated.
2022-12-04 03:26:22 +0000: Memory Usage (939816K) : Total area of the design is 8997120.228799999 um^2.
2022-12-04 03:26:22 +0000: Memory Usage (939816K) : Total no. of polygons in the design is 942657
2022-12-04 03:26:22 +0000: Memory Usage (939816K) : Initialization and base layers definition.
2022-12-04 03:26:22 +0000: Memory Usage (939816K) : Starting GF180MCU DRC rules.
2022-12-04 03:26:22 +0000: Memory Usage (939816K) : FEOL section
2022-12-04 03:26:22 +0000: Memory Usage (939816K) : Executing rule DN.1
2022-12-04 03:26:23 +0000: Memory Usage (939816K) : CONNECTIVITY_RULES section
2022-12-04 03:26:23 +0000: Memory Usage (939816K) : Executing rule DN.2a
2022-12-04 03:26:23 +0000: Memory Usage (939816K) : Executing rule DN.2b
2022-12-04 03:26:23 +0000: Memory Usage (939816K) : Executing rule DN.3
2022-12-04 03:26:23 +0000: Memory Usage (939816K) : Executing rule LPW.1_3.3V
2022-12-04 03:26:23 +0000: Memory Usage (939816K) : Executing rule LPW.1_5V
2022-12-04 03:26:23 +0000: Memory Usage (939816K) : CONNECTIVITY_RULES section
2022-12-04 03:26:23 +0000: Memory Usage (939816K) : Executing rule LPW.2a_3.3V
2022-12-04 03:26:23 +0000: Memory Usage (939816K) : Executing rule LPW.2a_5V
2022-12-04 03:26:23 +0000: Memory Usage (939816K) : Executing rule LPW.2b_3.3V
2022-12-04 03:26:23 +0000: Memory Usage (939816K) : Executing rule LPW.2b_5V
2022-12-04 03:26:23 +0000: Memory Usage (939816K) : Executing rule LPW.3_3.3V
2022-12-04 03:26:23 +0000: Memory Usage (939816K) : Executing rule LPW.3_5V
2022-12-04 03:26:24 +0000: Memory Usage (939816K) : Executing rule LPW.5_3.3V
2022-12-04 03:26:24 +0000: Memory Usage (939816K) : Executing rule LPW.5_5V
2022-12-04 03:26:24 +0000: Memory Usage (939816K) : Executing rule LPW.11
2022-12-04 03:26:24 +0000: Memory Usage (939816K) : Executing rule LPW.12
2022-12-04 03:26:24 +0000: Memory Usage (939816K) : Executing rule NW.1a_3.3V
2022-12-04 03:26:24 +0000: Memory Usage (939816K) : Executing rule NW.1a_5V
2022-12-04 03:26:24 +0000: Memory Usage (939816K) : Executing rule NW.1b_3.3V
2022-12-04 03:26:24 +0000: Memory Usage (939816K) : Executing rule NW.1b_5V
2022-12-04 03:26:24 +0000: Memory Usage (939816K) : CONNECTIVITY_RULES section
2022-12-04 03:26:24 +0000: Memory Usage (939816K) : Executing rule NW.2a_3.3V
2022-12-04 03:26:24 +0000: Memory Usage (939816K) : Executing rule NW.2a_5V
2022-12-04 03:26:24 +0000: Memory Usage (939816K) : Executing rule NW.2b_3.3V
2022-12-04 03:26:24 +0000: Memory Usage (939816K) : Executing rule NW.2b_5V
2022-12-04 03:26:24 +0000: Memory Usage (939816K) : Executing rule NW.3_3.3V
2022-12-04 03:26:25 +0000: Memory Usage (939816K) : Executing rule NW.3_5V
2022-12-04 03:26:25 +0000: Memory Usage (939816K) : Executing rule NW.4_3.3V
2022-12-04 03:26:25 +0000: Memory Usage (939816K) : Executing rule NW.4_5V
2022-12-04 03:26:25 +0000: Memory Usage (939816K) : Executing rule NW.5_3.3V
2022-12-04 03:26:25 +0000: Memory Usage (939816K) : Executing rule NW.5_5V
2022-12-04 03:26:25 +0000: Memory Usage (939816K) : Executing rule NW.6
2022-12-04 03:26:25 +0000: Memory Usage (939816K) : Executing rule DF.1a_3.3V
2022-12-04 03:26:25 +0000: Memory Usage (939816K) : Executing rule DF.1a_5V
2022-12-04 03:26:25 +0000: Memory Usage (939816K) : Executing rule DF.1c_3.3V
2022-12-04 03:26:25 +0000: Memory Usage (939816K) : Executing rule DF.1c_5V
2022-12-04 03:26:30 +0000: Memory Usage (967900K) : Executing rule DF.2a_3.3V
2022-12-04 03:26:30 +0000: Memory Usage (967900K) : Executing rule DF.2a_5V
2022-12-04 03:26:31 +0000: Memory Usage (967900K) : Executing rule DF.2b_3.3V
2022-12-04 03:26:32 +0000: Memory Usage (1029180K) : Executing rule DF.2b_5V
2022-12-04 03:26:34 +0000: Memory Usage (1040480K) : Executing rule DF.3a_3.3V
2022-12-04 03:26:34 +0000: Memory Usage (1040480K) : Executing rule DF.3a_5V
2022-12-04 03:26:36 +0000: Memory Usage (1040480K) : Executing rule DF.3b_3.3V
2022-12-04 03:26:36 +0000: Memory Usage (1040480K) : Executing rule DF.3b_5V
2022-12-04 03:26:36 +0000: Memory Usage (1040480K) : Executing rule DF.3c_3.3V
2022-12-04 03:26:36 +0000: Memory Usage (1040480K) : Executing rule DF.3c_5V
2022-12-04 03:26:37 +0000: Memory Usage (1040480K) : Executing rule DF.4a_3.3V
2022-12-04 03:26:37 +0000: Memory Usage (1040480K) : Executing rule DF.4a_5V
2022-12-04 03:26:37 +0000: Memory Usage (1040480K) : Executing rule DF.4b_3.3V
2022-12-04 03:26:38 +0000: Memory Usage (1040480K) : Executing rule DF.4b_5V
2022-12-04 03:26:39 +0000: Memory Usage (1040480K) : Executing rule DF.4c_3.3V
2022-12-04 03:26:39 +0000: Memory Usage (1040480K) : Executing rule DF.4c_5V
2022-12-04 03:26:40 +0000: Memory Usage (1040480K) : Executing rule DF.4d_3.3V
2022-12-04 03:26:41 +0000: Memory Usage (1040480K) : Executing rule DF.4d_5V
2022-12-04 03:26:41 +0000: Memory Usage (1040480K) : Executing rule DF.4e_3.3V
2022-12-04 03:26:41 +0000: Memory Usage (1040480K) : Executing rule DF.4e_5V
2022-12-04 03:26:41 +0000: Memory Usage (1040480K) : Executing rule DF.5_3.3V
2022-12-04 03:26:41 +0000: Memory Usage (1055560K) : Executing rule DF.5_5V
2022-12-04 03:26:42 +0000: Memory Usage (1056280K) : Executing rule DF.6_3.3V
2022-12-04 03:26:43 +0000: Memory Usage (1083172K) : Executing rule DF.6_5V
2022-12-04 03:26:43 +0000: Memory Usage (1140652K) : Executing rule DF.7_3.3V
2022-12-04 03:26:43 +0000: Memory Usage (1140652K) : Executing rule DF.7_5V
2022-12-04 03:26:43 +0000: Memory Usage (1140652K) : Executing rule DF.8_3.3V
2022-12-04 03:26:43 +0000: Memory Usage (1140652K) : Executing rule DF.8_5V
2022-12-04 03:26:44 +0000: Memory Usage (1140652K) : Executing rule DF.9_3.3V
2022-12-04 03:26:44 +0000: Memory Usage (1140652K) : Executing rule DF.9_5V
2022-12-04 03:26:44 +0000: Memory Usage (1140652K) : Executing rule DF.10_3.3V
2022-12-04 03:26:44 +0000: Memory Usage (1140652K) : Executing rule DF.10_5V
2022-12-04 03:26:44 +0000: Memory Usage (1140652K) : Executing rule DF.11_3.3V
2022-12-04 03:26:44 +0000: Memory Usage (1140652K) : Executing rule DF.11_5V
2022-12-04 03:26:44 +0000: Memory Usage (1140652K) : Executing rule DF.12_3.3V
2022-12-04 03:26:45 +0000: Memory Usage (1196484K) : Executing rule DF.12_5V
2022-12-04 03:26:46 +0000: Memory Usage (1208100K) : Executing rule DF.13_3.3V
2022-12-04 03:26:53 +0000: Memory Usage (1176944K) : Executing rule DF.13_5V
2022-12-04 03:26:57 +0000: Memory Usage (1177780K) : Executing rule DF.14_3.3V
2022-12-04 03:27:04 +0000: Memory Usage (1188016K) : Executing rule DF.14_5V
2022-12-04 03:27:08 +0000: Memory Usage (1211680K) : Executing rule DF.16_3.3V
2022-12-04 03:27:08 +0000: Memory Usage (1211680K) : Executing rule DF.16_5V
2022-12-04 03:27:09 +0000: Memory Usage (1229128K) : Executing rule DF.17_3.3V
2022-12-04 03:27:09 +0000: Memory Usage (1229128K) : Executing rule DF.17_5V
2022-12-04 03:27:09 +0000: Memory Usage (1229128K) : Executing rule DF.18_3.3V
2022-12-04 03:27:09 +0000: Memory Usage (1229128K) : Executing rule DF.18_5V
2022-12-04 03:27:09 +0000: Memory Usage (1229128K) : Executing rule DF.19_3.3V
2022-12-04 03:27:09 +0000: Memory Usage (1229128K) : Executing rule DF.19_5V
2022-12-04 03:27:09 +0000: Memory Usage (1229128K) : Executing rule DV.1
2022-12-04 03:27:09 +0000: Memory Usage (1229128K) : Executing rule DV.2
2022-12-04 03:27:09 +0000: Memory Usage (1229128K) : Executing rule DV.3
2022-12-04 03:27:10 +0000: Memory Usage (1260208K) : Executing rule DV.5
2022-12-04 03:27:10 +0000: Memory Usage (1260208K) : Executing rule DV.6
2022-12-04 03:27:12 +0000: Memory Usage (1272776K) : Executing rule DV.7
2022-12-04 03:27:13 +0000: Memory Usage (1289232K) : Executing rule DV.8
2022-12-04 03:27:15 +0000: Memory Usage (1289232K) : Executing rule DV.9
2022-12-04 03:27:16 +0000: Memory Usage (1289232K) : Executing rule PL.1_3.3V
2022-12-04 03:27:16 +0000: Memory Usage (1289232K) : Executing rule PL.1_5V
2022-12-04 03:27:16 +0000: Memory Usage (1289232K) : Executing rule PL.1a_3.3V
2022-12-04 03:27:16 +0000: Memory Usage (1289232K) : Executing rule PL.1a_5V
2022-12-04 03:27:16 +0000: Memory Usage (1289232K) : Executing rule PL.2_3.3V
2022-12-04 03:27:31 +0000: Memory Usage (1514388K) : Executing rule PL.2_5V
2022-12-04 03:27:31 +0000: Memory Usage (1514388K) : Executing rule PL.3a_3.3V
2022-12-04 03:27:33 +0000: Memory Usage (1558732K) : Executing rule PL.3a_5V
2022-12-04 03:27:35 +0000: Memory Usage (1615300K) : Executing rule PL.4_3.3V
2022-12-04 03:27:36 +0000: Memory Usage (1671072K) : Executing rule PL.4_5V
2022-12-04 03:27:36 +0000: Memory Usage (1682556K) : Executing rule PL.5a_3.3V
2022-12-04 03:27:37 +0000: Memory Usage (1682556K) : Executing rule PL.5a_5V
2022-12-04 03:27:38 +0000: Memory Usage (1693512K) : Executing rule PL.5b_3.3V
2022-12-04 03:27:38 +0000: Memory Usage (1693512K) : Executing rule PL.5b_5V
2022-12-04 03:27:43 +0000: Memory Usage (1836156K) : Executing rule PL.6
2022-12-04 03:27:49 +0000: Memory Usage (2066660K) : Executing rule PL.7_3.3V
2022-12-04 03:27:49 +0000: Memory Usage (2066660K) : Executing rule PL.7_5V
2022-12-04 03:27:49 +0000: Memory Usage (2066660K) : Executing rule PL.9
2022-12-04 03:27:50 +0000: Memory Usage (2080404K) : Executing rule PL.11
2022-12-04 03:27:50 +0000: Memory Usage (2080404K) : Executing rule PL.12
2022-12-04 03:27:51 +0000: Memory Usage (2136136K) : Executing rule NP.1
2022-12-04 03:27:51 +0000: Memory Usage (2136136K) : Executing rule NP.2
2022-12-04 03:27:51 +0000: Memory Usage (2136136K) : Executing rule NP.3a
2022-12-04 03:27:52 +0000: Memory Usage (2136136K) : Executing rule NP.3bi
2022-12-04 03:27:52 +0000: Memory Usage (2136136K) : Executing rule NP.3bii
2022-12-04 03:27:52 +0000: Memory Usage (2136136K) : Executing rule NP.3ci
2022-12-04 03:27:53 +0000: Memory Usage (2136136K) : Executing rule NP.3cii
2022-12-04 03:27:53 +0000: Memory Usage (2136136K) : Executing rule NP.3d
2022-12-04 03:27:53 +0000: Memory Usage (2136968K) : Executing rule NP.3e
2022-12-04 03:27:54 +0000: Memory Usage (2136968K) : Executing rule NP.4a
2022-12-04 03:27:57 +0000: Memory Usage (2202276K) : Executing rule NP.4b
2022-12-04 03:27:57 +0000: Memory Usage (2202276K) : Executing rule NP.5a
2022-12-04 03:27:58 +0000: Memory Usage (2202276K) : Executing rule NP.5b
2022-12-04 03:28:00 +0000: Memory Usage (2209464K) : Executing rule NP.5ci
2022-12-04 03:28:00 +0000: Memory Usage (2209464K) : Executing rule NP.5cii
2022-12-04 03:28:00 +0000: Memory Usage (2209464K) : Executing rule NP.5di
2022-12-04 03:28:01 +0000: Memory Usage (2209464K) : Executing rule NP.5dii
2022-12-04 03:28:01 +0000: Memory Usage (2209464K) : Executing rule NP.6
2022-12-04 03:28:04 +0000: Memory Usage (2240476K) : Executing rule NP.7
2022-12-04 03:28:05 +0000: Memory Usage (2240476K) : Executing rule NP.8a
2022-12-04 03:28:05 +0000: Memory Usage (2240476K) : Executing rule NP.8b
2022-12-04 03:28:05 +0000: Memory Usage (2240476K) : Executing rule NP.9
2022-12-04 03:28:05 +0000: Memory Usage (2240476K) : Executing rule NP.10
2022-12-04 03:28:05 +0000: Memory Usage (2240476K) : Executing rule NP.11
2022-12-04 03:28:06 +0000: Memory Usage (2240476K) : Executing rule NP.12
2022-12-04 03:28:06 +0000: Memory Usage (2240476K) : Executing rule PP.1
2022-12-04 03:28:07 +0000: Memory Usage (2240476K) : Executing rule PP.2
2022-12-04 03:28:07 +0000: Memory Usage (2240476K) : Executing rule PP.3a
2022-12-04 03:28:08 +0000: Memory Usage (2252056K) : Executing rule PP.3bi
2022-12-04 03:28:08 +0000: Memory Usage (2252056K) : Executing rule PP.3bii
2022-12-04 03:28:08 +0000: Memory Usage (2258040K) : Executing rule PP.3ci
2022-12-04 03:28:08 +0000: Memory Usage (2261632K) : Executing rule PP.3cii
2022-12-04 03:28:09 +0000: Memory Usage (2261632K) : Executing rule PP.3d
2022-12-04 03:28:09 +0000: Memory Usage (2261632K) : Executing rule PP.3e
2022-12-04 03:28:09 +0000: Memory Usage (2261632K) : Executing rule PP.4a
2022-12-04 03:28:12 +0000: Memory Usage (2344984K) : Executing rule PP.4b
2022-12-04 03:28:12 +0000: Memory Usage (2344984K) : Executing rule PP.5a
2022-12-04 03:28:13 +0000: Memory Usage (2344984K) : Executing rule PP.5b
2022-12-04 03:28:14 +0000: Memory Usage (2344984K) : Executing rule PP.5ci
2022-12-04 03:28:14 +0000: Memory Usage (2344984K) : Executing rule PP.5cii
2022-12-04 03:28:15 +0000: Memory Usage (2352376K) : Executing rule PP.5di
2022-12-04 03:28:15 +0000: Memory Usage (2362552K) : Executing rule PP.5dii
2022-12-04 03:28:16 +0000: Memory Usage (2365340K) : Executing rule PP.6
2022-12-04 03:28:17 +0000: Memory Usage (2391796K) : Executing rule PP.7
2022-12-04 03:28:17 +0000: Memory Usage (2391796K) : Executing rule PP.8a
2022-12-04 03:28:17 +0000: Memory Usage (2391796K) : Executing rule PP.8b
2022-12-04 03:28:17 +0000: Memory Usage (2391796K) : Executing rule PP.9
2022-12-04 03:28:17 +0000: Memory Usage (2391796K) : Executing rule PP.10
2022-12-04 03:28:18 +0000: Memory Usage (2391796K) : Executing rule PP.11
2022-12-04 03:28:18 +0000: Memory Usage (2391796K) : Executing rule PP.12
2022-12-04 03:28:19 +0000: Memory Usage (2400432K) : Executing rule SB.1
2022-12-04 03:28:19 +0000: Memory Usage (2400432K) : Executing rule SB.2
2022-12-04 03:28:19 +0000: Memory Usage (2400432K) : Executing rule SB.3
2022-12-04 03:28:19 +0000: Memory Usage (2400432K) : Executing rule SB.4
2022-12-04 03:28:19 +0000: Memory Usage (2400432K) : Executing rule SB.5a
2022-12-04 03:28:21 +0000: Memory Usage (2509212K) : Executing rule SB.5b
2022-12-04 03:28:21 +0000: Memory Usage (2509212K) : Executing rule SB.6
2022-12-04 03:28:21 +0000: Memory Usage (2509212K) : Executing rule SB.7
2022-12-04 03:28:21 +0000: Memory Usage (2509212K) : Executing rule SB.8
2022-12-04 03:28:21 +0000: Memory Usage (2509212K) : Executing rule SB.9
2022-12-04 03:28:21 +0000: Memory Usage (2509212K) : Executing rule SB.10
2022-12-04 03:28:21 +0000: Memory Usage (2509212K) : Executing rule SB.11
2022-12-04 03:28:22 +0000: Memory Usage (2509212K) : Executing rule SB.12
2022-12-04 03:28:22 +0000: Memory Usage (2509212K) : Executing rule SB.13
2022-12-04 03:28:22 +0000: Memory Usage (2509212K) : Executing rule SB.14a
2022-12-04 03:28:22 +0000: Memory Usage (2509212K) : Executing rule SB.14b
2022-12-04 03:28:23 +0000: Memory Usage (2509212K) : Executing rule SB.15a
2022-12-04 03:28:25 +0000: Memory Usage (2566908K) : Executing rule SB.15b
2022-12-04 03:28:25 +0000: Memory Usage (2566908K) : Executing rule SB.16
2022-12-04 03:28:25 +0000: Memory Usage (2568416K) : Executing rule ESD.1
2022-12-04 03:28:25 +0000: Memory Usage (2568416K) : Executing rule ESD.2
2022-12-04 03:28:25 +0000: Memory Usage (2568416K) : Executing rule ESD.3a
2022-12-04 03:28:25 +0000: Memory Usage (2568416K) : Executing rule ESD.3b
2022-12-04 03:28:26 +0000: Memory Usage (2568416K) : Executing rule ESD.4a
2022-12-04 03:28:26 +0000: Memory Usage (2568416K) : Executing rule ESD.4b
2022-12-04 03:28:26 +0000: Memory Usage (2568416K) : Executing rule ESD.5a
2022-12-04 03:28:26 +0000: Memory Usage (2568416K) : Executing rule ESD.5b
2022-12-04 03:28:26 +0000: Memory Usage (2568416K) : Executing rule ESD.6
2022-12-04 03:28:28 +0000: Memory Usage (2594228K) : Executing rule ESD.7
2022-12-04 03:28:28 +0000: Memory Usage (2594228K) : Executing rule ESD.8
2022-12-04 03:28:28 +0000: Memory Usage (2594228K) : Executing rule ESD.pl
2022-12-04 03:28:28 +0000: Memory Usage (2594228K) : Executing rule ESD.9
2022-12-04 03:28:28 +0000: Memory Usage (2594228K) : Executing rule ESD.10
2022-12-04 03:28:28 +0000: Memory Usage (2594228K) : Executing rule CO.1
2022-12-04 03:28:31 +0000: Memory Usage (2701200K) : Executing rule CO.2a
2022-12-04 03:28:40 +0000: Memory Usage (2852628K) : Executing rule CO.2b
2022-12-04 03:28:41 +0000: Memory Usage (2852628K) : Executing rule CO.3
2022-12-04 03:28:45 +0000: Memory Usage (3081692K) : Executing rule CO.4
2022-12-04 03:28:51 +0000: Memory Usage (3331088K) : Executing rule CO.5a
2022-12-04 03:28:52 +0000: Memory Usage (3331088K) : Executing rule CO.5b
2022-12-04 03:28:52 +0000: Memory Usage (3331088K) : Executing rule CO.6
2022-12-04 03:30:12 +0000: Memory Usage (3425652K) : Executing rule CO.6a
2022-12-04 03:32:05 +0000: Memory Usage (4207468K) : Executing rule CO.6b
2022-12-04 03:32:08 +0000: Memory Usage (4292612K) : Executing rule CO.7
2022-12-04 03:32:12 +0000: Memory Usage (4325244K) : Executing rule CO.8
2022-12-04 03:32:14 +0000: Memory Usage (4325244K) : Executing rule CO.9
2022-12-04 03:32:14 +0000: Memory Usage (4325244K) : Executing rule CO.10
2022-12-04 03:32:15 +0000: Memory Usage (4325244K) : Executing rule CO.11
2022-12-04 03:32:19 +0000: Memory Usage (4376672K) : Executing rule MC.1
2022-12-04 03:32:20 +0000: Memory Usage (4376672K) : Executing rule MC.2
2022-12-04 03:32:20 +0000: Memory Usage (4376672K) : Executing rule MC.3
2022-12-04 03:32:20 +0000: Memory Usage (4376672K) : Executing rule MC.4
2022-12-04 03:32:20 +0000: Memory Usage (4376672K) : Executing rule PRES.1
2022-12-04 03:32:20 +0000: Memory Usage (4376672K) : Executing rule PRES.2
2022-12-04 03:32:20 +0000: Memory Usage (4376672K) : Executing rule PRES.3
2022-12-04 03:32:21 +0000: Memory Usage (4376672K) : Executing rule PRES.4
2022-12-04 03:32:21 +0000: Memory Usage (4376672K) : Executing rule PRES.5
2022-12-04 03:32:21 +0000: Memory Usage (4376672K) : Executing rule PRES.6
2022-12-04 03:32:21 +0000: Memory Usage (4376672K) : Executing rule PRES.7
2022-12-04 03:32:21 +0000: Memory Usage (4376672K) : Executing rule PRES.9a
2022-12-04 03:32:22 +0000: Memory Usage (4376672K) : Executing rule PRES.9b
2022-12-04 03:32:22 +0000: Memory Usage (4376672K) : Executing rule LRES.1
2022-12-04 03:32:22 +0000: Memory Usage (4376672K) : Executing rule LRES.2
2022-12-04 03:32:22 +0000: Memory Usage (4376672K) : Executing rule LRES.3
2022-12-04 03:32:22 +0000: Memory Usage (4376672K) : Executing rule LRES.4
2022-12-04 03:32:23 +0000: Memory Usage (4376672K) : Executing rule LRES.5
2022-12-04 03:32:23 +0000: Memory Usage (4376672K) : Executing rule LRES.6
2022-12-04 03:32:24 +0000: Memory Usage (4376672K) : Executing rule LRES.7
2022-12-04 03:32:24 +0000: Memory Usage (4376672K) : Executing rule LRES.9a
2022-12-04 03:32:24 +0000: Memory Usage (4376672K) : Executing rule LRES.9b
2022-12-04 03:32:26 +0000: Memory Usage (4376672K) : Executing rule HRES.1
2022-12-04 03:32:26 +0000: Memory Usage (4376672K) : Executing rule HRES.2
2022-12-04 03:32:26 +0000: Memory Usage (4376672K) : Executing rule HRES.3
2022-12-04 03:32:26 +0000: Memory Usage (4376672K) : Executing rule HRES.4
2022-12-04 03:32:27 +0000: Memory Usage (4376672K) : Executing rule HRES.5
2022-12-04 03:32:27 +0000: Memory Usage (4376672K) : Executing rule HRES.6
2022-12-04 03:32:28 +0000: Memory Usage (4376672K) : Executing rule HRES.7
2022-12-04 03:32:28 +0000: Memory Usage (4376672K) : Executing rule HRES.8
2022-12-04 03:32:28 +0000: Memory Usage (4376672K) : Executing rule HRES.9
2022-12-04 03:32:28 +0000: Memory Usage (4376672K) : Executing rule HRES.10
2022-12-04 03:32:29 +0000: Memory Usage (4376672K) : Executing rule HRES.12a
2022-12-04 03:32:29 +0000: Memory Usage (4376672K) : Executing rule HRES.12b
2022-12-04 03:32:29 +0000: Memory Usage (4376672K) : MIM Capacitor Option B section
2022-12-04 03:32:29 +0000: Memory Usage (4376672K) : Executing rule MIMTM.1
2022-12-04 03:32:29 +0000: Memory Usage (4376672K) : Executing rule MIMTM.2
2022-12-04 03:32:30 +0000: Memory Usage (4376672K) : Executing rule MIMTM.3
2022-12-04 03:32:30 +0000: Memory Usage (4376672K) : Executing rule MIMTM.4
2022-12-04 03:32:30 +0000: Memory Usage (4376672K) : Executing rule MIMTM.5
2022-12-04 03:32:30 +0000: Memory Usage (4376672K) : Executing rule MIMTM.6
2022-12-04 03:32:30 +0000: Memory Usage (4376672K) : Executing rule MIMTM.7
2022-12-04 03:32:30 +0000: Memory Usage (4376672K) : Executing rule MIMTM.8a
2022-12-04 03:32:31 +0000: Memory Usage (4376672K) : Executing rule MIMTM.8b
2022-12-04 03:32:31 +0000: Memory Usage (4376672K) : Executing rule MIMTM.9
2022-12-04 03:32:31 +0000: Memory Usage (4376672K) : Executing rule MIMTM.10
2022-12-04 03:32:31 +0000: Memory Usage (4376672K) : Executing rule MIMTM.11
2022-12-04 03:32:31 +0000: Memory Usage (4376672K) : Executing rule NAT.1
2022-12-04 03:32:31 +0000: Memory Usage (4376672K) : Executing rule NAT.2
2022-12-04 03:32:32 +0000: Memory Usage (4376672K) : Executing rule NAT.3
2022-12-04 03:32:32 +0000: Memory Usage (4376672K) : Executing rule NAT.4
2022-12-04 03:32:33 +0000: Memory Usage (4376672K) : Executing rule NAT.5
2022-12-04 03:32:34 +0000: Memory Usage (4376672K) : CONNECTIVITY_RULES section
2022-12-04 03:32:34 +0000: Memory Usage (4376672K) : Executing rule NAT.6
2022-12-04 03:32:34 +0000: Memory Usage (4376672K) : Executing rule NAT.7
2022-12-04 03:32:35 +0000: Memory Usage (4376672K) : Executing rule NAT.8
2022-12-04 03:32:35 +0000: Memory Usage (4376672K) : Executing rule NAT.9
2022-12-04 03:32:35 +0000: Memory Usage (4376672K) : Executing rule NAT.10
2022-12-04 03:32:35 +0000: Memory Usage (4376672K) : Executing rule NAT.11
2022-12-04 03:32:35 +0000: Memory Usage (4376672K) : Executing rule NAT.12
2022-12-04 03:32:35 +0000: Memory Usage (4376672K) : Executing rule BJT.1
2022-12-04 03:32:35 +0000: Memory Usage (4376672K) : Executing rule BJT.2
2022-12-04 03:32:36 +0000: Memory Usage (4399572K) : Executing rule BJT.3
2022-12-04 03:32:36 +0000: Memory Usage (4399572K) : Executing rule DE.2
2022-12-04 03:32:36 +0000: Memory Usage (4399572K) : Executing rule DE.3
2022-12-04 03:32:36 +0000: Memory Usage (4399572K) : Executing rule DE.4
2022-12-04 03:32:37 +0000: Memory Usage (4405576K) : Executing rule LVS_BJT.1
2022-12-04 03:32:37 +0000: Memory Usage (4405576K) : Executing rule O.DF.3a
2022-12-04 03:32:37 +0000: Memory Usage (4405576K) : Executing rule O.DF.6
2022-12-04 03:32:37 +0000: Memory Usage (4405576K) : Executing rule O.DF.9
2022-12-04 03:32:37 +0000: Memory Usage (4405576K) : Executing rule O.PL.2
2022-12-04 03:32:39 +0000: Memory Usage (4425792K) : Executing rule O.PL.3a
2022-12-04 03:32:41 +0000: Memory Usage (4491664K) : Executing rule O.PL.4
2022-12-04 03:32:41 +0000: Memory Usage (4491664K) : Executing rule O.SB.2
2022-12-04 03:32:41 +0000: Memory Usage (4491664K) : Executing rule O.SB.3
2022-12-04 03:32:41 +0000: Memory Usage (4491664K) : Executing rule O.SB.4
2022-12-04 03:32:41 +0000: Memory Usage (4491664K) : Executing rule O.SB.5b_3.3V
2022-12-04 03:32:42 +0000: Memory Usage (4491664K) : Executing rule O.SB.9
2022-12-04 03:32:42 +0000: Memory Usage (4491664K) : Executing rule O.SB.11
2022-12-04 03:32:42 +0000: Memory Usage (4491664K) : Executing rule O.SB.13_3.3V
2022-12-04 03:32:42 +0000: Memory Usage (4491664K) : Executing rule O.SB.13_5V
2022-12-04 03:32:42 +0000: Memory Usage (4491664K) : Executing rule O.CO.7
2022-12-04 03:32:45 +0000: Memory Usage (4676848K) : Executing rule O.PL.ORT
2022-12-04 03:32:50 +0000: Memory Usage (4676848K) : Executing rule EF.01
2022-12-04 03:32:50 +0000: Memory Usage (4676848K) : Executing rule EF.02
2022-12-04 03:32:50 +0000: Memory Usage (4676848K) : Executing rule EF.03
2022-12-04 03:32:51 +0000: Memory Usage (4676848K) : Executing rule EF.04a
2022-12-04 03:32:51 +0000: Memory Usage (4676848K) : Executing rule EF.04b
2022-12-04 03:32:51 +0000: Memory Usage (4676848K) : Executing rule EF.04c
2022-12-04 03:32:51 +0000: Memory Usage (4676848K) : Executing rule EF.04d
2022-12-04 03:32:51 +0000: Memory Usage (4676848K) : Executing rule EF.05
2022-12-04 03:32:51 +0000: Memory Usage (4676848K) : Executing rule EF.06
2022-12-04 03:32:52 +0000: Memory Usage (4676848K) : Executing rule EF.07
2022-12-04 03:32:52 +0000: Memory Usage (4676848K) : Executing rule EF.08
2022-12-04 03:32:52 +0000: Memory Usage (4676848K) : Executing rule EF.09
2022-12-04 03:32:52 +0000: Memory Usage (4676848K) : Executing rule EF.10
2022-12-04 03:32:52 +0000: Memory Usage (4676848K) : Executing rule EF.11
2022-12-04 03:32:52 +0000: Memory Usage (4676848K) : Executing rule EF.12
2022-12-04 03:32:52 +0000: Memory Usage (4676848K) : Executing rule EF.13
2022-12-04 03:32:53 +0000: Memory Usage (4676848K) : Executing rule EF.14
2022-12-04 03:32:53 +0000: Memory Usage (4676848K) : Executing rule EF.15
2022-12-04 03:32:53 +0000: Memory Usage (4676848K) : Executing rule EF.16a
2022-12-04 03:32:53 +0000: Memory Usage (4676848K) : Executing rule EF.16b
2022-12-04 03:32:53 +0000: Memory Usage (4676848K) : Executing rule EF.17
2022-12-04 03:32:53 +0000: Memory Usage (4676848K) : Executing rule EF.18
2022-12-04 03:32:57 +0000: Memory Usage (4781916K) : Executing rule EF.19
2022-12-04 03:32:58 +0000: Memory Usage (4781916K) : Executing rule EF.20
2022-12-04 03:32:59 +0000: Memory Usage (4781916K) : Executing rule EF.21
2022-12-04 03:32:59 +0000: Memory Usage (4781916K) : Executing rule EF.22a
2022-12-04 03:32:59 +0000: Memory Usage (4781916K) : Executing rule EF.22b
2022-12-04 03:32:59 +0000: Memory Usage (4781916K) : Executing rule MDN.1
2022-12-04 03:33:00 +0000: Memory Usage (4781916K) : CONNECTIVITY_RULES section
2022-12-04 03:33:00 +0000: Memory Usage (4781916K) : Executing rule MDN.2a
2022-12-04 03:33:00 +0000: Memory Usage (4781916K) : Executing rule MDN.2b
2022-12-04 03:33:01 +0000: Memory Usage (4781916K) : Executing rule MDN.3a
2022-12-04 03:33:01 +0000: Memory Usage (4781916K) : Executing rule MDN.3b
2022-12-04 03:33:01 +0000: Memory Usage (4781916K) : Executing rule MDN.4a
2022-12-04 03:33:01 +0000: Memory Usage (4781916K) : Executing rule MDN.4b
2022-12-04 03:33:01 +0000: Memory Usage (4781916K) : Executing rule MDN.5ai
2022-12-04 03:33:02 +0000: Memory Usage (4781916K) : Executing rule MDN.5aii
2022-12-04 03:33:02 +0000: Memory Usage (4781916K) : Executing rule MDN.5b
2022-12-04 03:33:02 +0000: Memory Usage (4781916K) : Executing rule MDN.5c
2022-12-04 03:33:02 +0000: Memory Usage (4781916K) : Executing rule MDN.6
2022-12-04 03:33:03 +0000: Memory Usage (4781916K) : Executing rule MDN.6a
2022-12-04 03:33:03 +0000: Memory Usage (4781916K) : Executing rule MDN.7
2022-12-04 03:33:04 +0000: Memory Usage (4781916K) : Executing rule MDN.7a
2022-12-04 03:33:04 +0000: Memory Usage (4781916K) : CONNECTIVITY_RULES section
2022-12-04 03:33:04 +0000: Memory Usage (4781916K) : Executing rule MDN.8a
2022-12-04 03:33:04 +0000: Memory Usage (4781916K) : Executing rule MDN.8b
2022-12-04 03:33:04 +0000: Memory Usage (4781916K) : Executing rule MDN.9
2022-12-04 03:33:05 +0000: Memory Usage (4801872K) : Executing rule MDN.10a
2022-12-04 03:33:05 +0000: Memory Usage (4801872K) : Executing rule MDN.10b
2022-12-04 03:33:06 +0000: Memory Usage (4801872K) : Executing rule MDN.10c
2022-12-04 03:33:08 +0000: Memory Usage (4830360K) : Executing rule MDN.10d
2022-12-04 03:33:09 +0000: Memory Usage (4830360K) : Executing rule MDN.10ei
2022-12-04 03:33:10 +0000: Memory Usage (4837280K) : Executing rule MDN.10eii
2022-12-04 03:33:10 +0000: Memory Usage (4845416K) : Executing rule MDN.10f
2022-12-04 03:33:11 +0000: Memory Usage (4900164K) : Executing rule MDN.11
2022-12-04 03:33:12 +0000: Memory Usage (4912956K) : Executing rule MDN.12
2022-12-04 03:33:12 +0000: Memory Usage (4912956K) : Executing rule MDN.13a
2022-12-04 03:33:14 +0000: Memory Usage (4917500K) : Executing rule MDN.13b
2022-12-04 03:33:14 +0000: Memory Usage (4917500K) : Executing rule MDN.13c
2022-12-04 03:33:16 +0000: Memory Usage (4960944K) : Executing rule MDN.13d
2022-12-04 03:33:16 +0000: Memory Usage (4960944K) : Executing rule MDN.14
2022-12-04 03:33:16 +0000: Memory Usage (4960944K) : Executing rule MDN.15a
2022-12-04 03:33:16 +0000: Memory Usage (4960944K) : Executing rule MDN.15b
2022-12-04 03:33:18 +0000: Memory Usage (4965488K) : Executing rule MDN.17
2022-12-04 03:33:18 +0000: Memory Usage (4968020K) : Executing rule MDP.1
2022-12-04 03:33:19 +0000: Memory Usage (5011532K) : Executing rule MDP.1a
2022-12-04 03:35:39 +0000: Memory Usage (5597352K) : Executing rule MDP.2
2022-12-04 03:35:41 +0000: Memory Usage (5621852K) : Executing rule MDP.3
2022-12-04 03:35:42 +0000: Memory Usage (5621852K) : Executing rule MDP.3ai
2022-12-04 03:35:42 +0000: Memory Usage (5621852K) : Executing rule MDP.3aii
2022-12-04 03:35:42 +0000: Memory Usage (5621852K) : Executing rule MDP.3b
2022-12-04 03:35:43 +0000: Memory Usage (5621852K) : Executing rule MDP.3c
2022-12-04 03:35:43 +0000: Memory Usage (5621852K) : Executing rule MDP.3d
2022-12-04 03:35:43 +0000: Memory Usage (5621852K) : Executing rule MDP.4
2022-12-04 03:35:52 +0000: Memory Usage (5646120K) : Executing rule MDP.4a
2022-12-04 03:35:53 +0000: Memory Usage (5646120K) : Executing rule MDP.4b
2022-12-04 03:35:53 +0000: Memory Usage (5646120K) : Executing rule MDP.5
2022-12-04 03:35:54 +0000: Memory Usage (5651032K) : Executing rule MDP.5a
2022-12-04 03:35:54 +0000: Memory Usage (5651032K) : Executing rule MDP.6
2022-12-04 03:35:54 +0000: Memory Usage (5651032K) : Executing rule MDP.6a
2022-12-04 03:35:54 +0000: Memory Usage (5651032K) : Executing rule MDP.7
2022-12-04 03:35:55 +0000: Memory Usage (5651032K) : Executing rule MDP.8
2022-12-04 03:35:55 +0000: Memory Usage (5651032K) : Executing rule MDP.9a
2022-12-04 03:35:55 +0000: Memory Usage (5651032K) : Executing rule MDP.9b
2022-12-04 03:35:55 +0000: Memory Usage (5651032K) : Executing rule MDP.9c
2022-12-04 03:35:57 +0000: Memory Usage (5698648K) : Executing rule MDP.9d
2022-12-04 03:36:01 +0000: Memory Usage (5771336K) : Executing rule MDP.9ei
2022-12-04 03:36:03 +0000: Memory Usage (5801120K) : Executing rule MDP.9eii
2022-12-04 03:36:03 +0000: Memory Usage (5801120K) : Executing rule MDP.9f
2022-12-04 03:36:04 +0000: Memory Usage (5824208K) : Executing rule MDP.10
2022-12-04 03:36:05 +0000: Memory Usage (5824208K) : CONNECTIVITY_RULES section
2022-12-04 03:36:05 +0000: Memory Usage (5824208K) : Executing rule MDP.10a
2022-12-04 03:36:05 +0000: Memory Usage (5824208K) : Executing rule MDP.10b
2022-12-04 03:36:05 +0000: Memory Usage (5824208K) : Executing rule MDP.11
2022-12-04 03:36:06 +0000: Memory Usage (5824208K) : Executing rule MDP.12
2022-12-04 03:36:06 +0000: Memory Usage (5847048K) : Executing rule MDP.13a
2022-12-04 03:36:07 +0000: Memory Usage (5872520K) : Executing rule MDP.13b
2022-12-04 03:36:08 +0000: Memory Usage (5872520K) : Executing rule MDP.13c
2022-12-04 03:36:08 +0000: Memory Usage (5899308K) : Executing rule MDP.15
2022-12-04 03:36:09 +0000: Memory Usage (5899308K) : Executing rule MDP.16a
2022-12-04 03:36:09 +0000: Memory Usage (5899308K) : Executing rule MDP.16b
2022-12-04 03:36:09 +0000: Memory Usage (5899308K) : Executing rule MDP.17a
2022-12-04 03:36:10 +0000: Memory Usage (5899308K) : Executing rule MDP.17c
2022-12-04 03:36:10 +0000: Memory Usage (5899308K) : Executing rule Y.NW.2b_3.3V
2022-12-04 03:36:10 +0000: Memory Usage (5899308K) : Executing rule Y.NW.2b_5V
2022-12-04 03:36:10 +0000: Memory Usage (5899308K) : Executing rule Y.DF.6_5V
2022-12-04 03:36:11 +0000: Memory Usage (5899308K) : Executing rule Y.DF.16_3.3V
2022-12-04 03:36:11 +0000: Memory Usage (5899308K) : Executing rule Y.DF.16_5V
2022-12-04 03:36:12 +0000: Memory Usage (5899308K) : Executing rule Y.PL.1_3.3V
2022-12-04 03:36:12 +0000: Memory Usage (5899308K) : Executing rule Y.PL.1_5V
2022-12-04 03:36:12 +0000: Memory Usage (5899308K) : Executing rule Y.PL.2_3.3V
2022-12-04 03:36:14 +0000: Memory Usage (5922588K) : Executing rule Y.PL.2_5V
2022-12-04 03:36:16 +0000: Memory Usage (5942516K) : Executing rule Y.PL.4_5V
2022-12-04 03:36:16 +0000: Memory Usage (5942516K) : Executing rule Y.PL.5a_3.3V
2022-12-04 03:36:16 +0000: Memory Usage (5942516K) : Executing rule Y.PL.5a_5V
2022-12-04 03:36:16 +0000: Memory Usage (5942516K) : Executing rule Y.PL.5b_3.3V
2022-12-04 03:36:17 +0000: Memory Usage (5942516K) : Executing rule Y.PL.5b_5V
2022-12-04 03:36:17 +0000: Memory Usage (5942516K) : Executing rule S.DF.4c_MV
2022-12-04 03:36:17 +0000: Memory Usage (5942516K) : Executing rule S.DF.6_MV
2022-12-04 03:36:17 +0000: Memory Usage (5942516K) : Executing rule S.DF.7_MV
2022-12-04 03:36:18 +0000: Memory Usage (5942516K) : Executing rule S.DF.8_MV
2022-12-04 03:36:18 +0000: Memory Usage (5942516K) : Executing rule S.DF.16_MV
2022-12-04 03:36:18 +0000: Memory Usage (5966116K) : Executing rule S.PL.5a_MV
2022-12-04 03:36:19 +0000: Memory Usage (5966116K) : Executing rule S.PL.5b_MV
2022-12-04 03:36:19 +0000: Memory Usage (5966116K) : Executing rule S.CO.4_MV
2022-12-04 03:36:19 +0000: Memory Usage (5966116K) : Executing rule S.DF.4c_LV
2022-12-04 03:36:19 +0000: Memory Usage (5966116K) : Executing rule S.DF.16_LV
2022-12-04 03:36:20 +0000: Memory Usage (5988684K) : Executing rule S.CO.3_LV
2022-12-04 03:36:20 +0000: Memory Usage (5988684K) : Executing rule S.CO.4_LV
2022-12-04 03:36:21 +0000: Memory Usage (5988684K) : Executing rule S.CO.6_ii_LV
2022-12-04 03:36:21 +0000: Memory Usage (5988684K) : Executing rule S.M1.1_LV
2022-12-04 03:36:21 +0000: Memory Usage (5988684K) : OFFGRID-ANGLES section
2022-12-04 03:36:21 +0000: Memory Usage (5988684K) : Executing rule comp_OFFGRID
2022-12-04 03:36:22 +0000: Memory Usage (5988684K) : Executing rule dnwell_OFFGRID
2022-12-04 03:36:22 +0000: Memory Usage (5988684K) : Executing rule nwell_OFFGRID
2022-12-04 03:36:22 +0000: Memory Usage (5988684K) : Executing rule lvpwell_OFFGRID
2022-12-04 03:36:22 +0000: Memory Usage (5988684K) : Executing rule dualgate_OFFGRID
2022-12-04 03:36:22 +0000: Memory Usage (5988684K) : Executing rule poly2_OFFGRID
2022-12-04 03:36:23 +0000: Memory Usage (5988684K) : Executing rule nplus_OFFGRID
2022-12-04 03:36:23 +0000: Memory Usage (5988684K) : Executing rule pplus_OFFGRID
2022-12-04 03:36:23 +0000: Memory Usage (5988684K) : Executing rule sab_OFFGRID
2022-12-04 03:36:23 +0000: Memory Usage (5988684K) : Executing rule esd_OFFGRID
2022-12-04 03:36:23 +0000: Memory Usage (5988684K) : Executing rule contact_OFFGRID
2022-12-04 03:36:24 +0000: Memory Usage (5988684K) : Executing rule metal1_OFFGRID
2022-12-04 03:36:24 +0000: Memory Usage (5988684K) : Executing rule via1_OFFGRID
2022-12-04 03:36:24 +0000: Memory Usage (5988684K) : Executing rule metal2_OFFGRID
2022-12-04 03:36:25 +0000: Memory Usage (5988684K) : Executing rule via2_OFFGRID
2022-12-04 03:36:25 +0000: Memory Usage (5988684K) : Executing rule metal3_OFFGRID
2022-12-04 03:36:25 +0000: Memory Usage (5988684K) : Executing rule via3_OFFGRID
2022-12-04 03:36:25 +0000: Memory Usage (5988684K) : Executing rule metal4_OFFGRID
2022-12-04 03:36:25 +0000: Memory Usage (5988684K) : Executing rule via4_OFFGRID
2022-12-04 03:36:26 +0000: Memory Usage (5988684K) : Executing rule metal5_OFFGRID
2022-12-04 03:36:26 +0000: Memory Usage (5988684K) : Executing rule via5_OFFGRID
2022-12-04 03:36:26 +0000: Memory Usage (5988684K) : Executing rule metaltop_OFFGRID
2022-12-04 03:36:26 +0000: Memory Usage (5988684K) : Executing rule pad_OFFGRID
2022-12-04 03:36:26 +0000: Memory Usage (5988684K) : Executing rule resistor_OFFGRID
2022-12-04 03:36:27 +0000: Memory Usage (5988684K) : Executing rule fhres_OFFGRID
2022-12-04 03:36:27 +0000: Memory Usage (5988684K) : Executing rule fusetop_OFFGRID
2022-12-04 03:36:27 +0000: Memory Usage (5988684K) : Executing rule fusewindow_d_OFFGRID
2022-12-04 03:36:27 +0000: Memory Usage (5988684K) : Executing rule polyfuse_OFFGRID
2022-12-04 03:36:27 +0000: Memory Usage (5988684K) : Executing rule mvsd_OFFGRID
2022-12-04 03:36:28 +0000: Memory Usage (5988684K) : Executing rule mvpsd_OFFGRID
2022-12-04 03:36:28 +0000: Memory Usage (5988684K) : Executing rule nat_OFFGRID
2022-12-04 03:36:28 +0000: Memory Usage (5988684K) : Executing rule comp_dummy_OFFGRID
2022-12-04 03:36:28 +0000: Memory Usage (5988684K) : Executing rule poly2_dummy_OFFGRID
2022-12-04 03:36:28 +0000: Memory Usage (5988684K) : Executing rule metal1_dummy_OFFGRID
2022-12-04 03:36:29 +0000: Memory Usage (5988684K) : Executing rule metal2_dummy_OFFGRID
2022-12-04 03:36:29 +0000: Memory Usage (5988684K) : Executing rule metal3_dummy_OFFGRID
2022-12-04 03:36:29 +0000: Memory Usage (5988684K) : Executing rule metal4_dummy_OFFGRID
2022-12-04 03:36:29 +0000: Memory Usage (5988684K) : Executing rule metal5_dummy_OFFGRID
2022-12-04 03:36:29 +0000: Memory Usage (5988684K) : Executing rule metaltop_dummy_OFFGRID
2022-12-04 03:36:30 +0000: Memory Usage (5988684K) : Executing rule comp_label_OFFGRID
2022-12-04 03:36:30 +0000: Memory Usage (5988684K) : Executing rule poly2_label_OFFGRID
2022-12-04 03:36:30 +0000: Memory Usage (5988684K) : Executing rule metal1_label_OFFGRID
2022-12-04 03:36:30 +0000: Memory Usage (5988684K) : Executing rule metal2_label_OFFGRID
2022-12-04 03:36:30 +0000: Memory Usage (5988684K) : Executing rule metal3_label_OFFGRID
2022-12-04 03:36:30 +0000: Memory Usage (5988684K) : Executing rule metal4_label_OFFGRID
2022-12-04 03:36:31 +0000: Memory Usage (5988684K) : Executing rule metal5_label_OFFGRID
2022-12-04 03:36:31 +0000: Memory Usage (5988684K) : Executing rule metaltop_label_OFFGRID
2022-12-04 03:36:31 +0000: Memory Usage (5988684K) : Executing rule metal1_slot_OFFGRID
2022-12-04 03:36:31 +0000: Memory Usage (5988684K) : Executing rule metal2_slot_OFFGRID
2022-12-04 03:36:31 +0000: Memory Usage (5988684K) : Executing rule metal3_slot_OFFGRID
2022-12-04 03:36:32 +0000: Memory Usage (5988684K) : Executing rule metal4_slot_OFFGRID
2022-12-04 03:36:32 +0000: Memory Usage (5988684K) : Executing rule metal5_slot_OFFGRID
2022-12-04 03:36:32 +0000: Memory Usage (5988684K) : Executing rule metaltop_slot_OFFGRID
2022-12-04 03:36:32 +0000: Memory Usage (5988684K) : Executing rule ubmpperi_OFFGRID
2022-12-04 03:36:32 +0000: Memory Usage (5988684K) : Executing rule ubmparray_OFFGRID
2022-12-04 03:36:33 +0000: Memory Usage (5988684K) : Executing rule ubmeplate_OFFGRID
2022-12-04 03:36:33 +0000: Memory Usage (5988684K) : Executing rule schottky_diode_OFFGRID
2022-12-04 03:36:33 +0000: Memory Usage (5988684K) : Executing rule zener_OFFGRID
2022-12-04 03:36:33 +0000: Memory Usage (5988684K) : Executing rule res_mk_OFFGRID
2022-12-04 03:36:33 +0000: Memory Usage (5988684K) : Executing rule opc_drc_OFFGRID
2022-12-04 03:36:34 +0000: Memory Usage (5988684K) : Executing rule ndmy_OFFGRID
2022-12-04 03:36:34 +0000: Memory Usage (5988684K) : Executing rule pmndmy_OFFGRID
2022-12-04 03:36:34 +0000: Memory Usage (5988684K) : Executing rule v5_xtor_OFFGRID
2022-12-04 03:36:34 +0000: Memory Usage (5988684K) : Executing rule cap_mk_OFFGRID
2022-12-04 03:36:34 +0000: Memory Usage (5988684K) : Executing rule mos_cap_mk_OFFGRID
2022-12-04 03:36:35 +0000: Memory Usage (5988684K) : Executing rule ind_mk_OFFGRID
2022-12-04 03:36:35 +0000: Memory Usage (5988684K) : Executing rule diode_mk_OFFGRID
2022-12-04 03:36:35 +0000: Memory Usage (5988684K) : Executing rule drc_bjt_OFFGRID
2022-12-04 03:36:35 +0000: Memory Usage (5988684K) : Executing rule lvs_bjt_OFFGRID
2022-12-04 03:36:35 +0000: Memory Usage (5988684K) : Executing rule mim_l_mk_OFFGRID
2022-12-04 03:36:36 +0000: Memory Usage (5988684K) : Executing rule latchup_mk_OFFGRID
2022-12-04 03:36:36 +0000: Memory Usage (5988684K) : Executing rule guard_ring_mk_OFFGRID
2022-12-04 03:36:36 +0000: Memory Usage (5988684K) : Executing rule otp_mk_OFFGRID
2022-12-04 03:36:36 +0000: Memory Usage (5988684K) : Executing rule mtpmark_OFFGRID
2022-12-04 03:36:36 +0000: Memory Usage (5988684K) : Executing rule neo_ee_mk_OFFGRID
2022-12-04 03:36:37 +0000: Memory Usage (5988684K) : Executing rule sramcore_OFFGRID
2022-12-04 03:36:37 +0000: Memory Usage (5988684K) : Executing rule lvs_rf_OFFGRID
2022-12-04 03:36:37 +0000: Memory Usage (5988684K) : Executing rule lvs_drain_OFFGRID
2022-12-04 03:36:37 +0000: Memory Usage (5988684K) : Executing rule hvpolyrs_OFFGRID
2022-12-04 03:36:37 +0000: Memory Usage (5988684K) : Executing rule lvs_io_OFFGRID
2022-12-04 03:36:38 +0000: Memory Usage (5988684K) : Executing rule probe_mk_OFFGRID
2022-12-04 03:36:38 +0000: Memory Usage (5988684K) : Executing rule esd_mk_OFFGRID
2022-12-04 03:36:38 +0000: Memory Usage (5988684K) : Executing rule lvs_source_OFFGRID
2022-12-04 03:36:38 +0000: Memory Usage (5988684K) : Executing rule well_diode_mk_OFFGRID
2022-12-04 03:36:38 +0000: Memory Usage (5988684K) : Executing rule ldmos_xtor_OFFGRID
2022-12-04 03:36:38 +0000: Memory Usage (5988684K) : Executing rule plfuse_OFFGRID
2022-12-04 03:36:39 +0000: Memory Usage (5988684K) : Executing rule efuse_mk_OFFGRID
2022-12-04 03:36:39 +0000: Memory Usage (5988684K) : Executing rule mcell_feol_mk_OFFGRID
2022-12-04 03:36:39 +0000: Memory Usage (5988684K) : Executing rule ymtp_mk_OFFGRID
2022-12-04 03:36:39 +0000: Memory Usage (5988684K) : Executing rule dev_wf_mk_OFFGRID
2022-12-04 03:36:39 +0000: Memory Usage (5988684K) : Executing rule metal1_blk_OFFGRID
2022-12-04 03:36:40 +0000: Memory Usage (5988684K) : Executing rule metal2_blk_OFFGRID
2022-12-04 03:36:40 +0000: Memory Usage (5988684K) : Executing rule metal3_blk_OFFGRID
2022-12-04 03:36:40 +0000: Memory Usage (5988684K) : Executing rule metal4_blk_OFFGRID
2022-12-04 03:36:40 +0000: Memory Usage (5988684K) : Executing rule metal5_blk_OFFGRID
2022-12-04 03:36:40 +0000: Memory Usage (5988684K) : Executing rule metalt_blk_OFFGRID
2022-12-04 03:36:41 +0000: Memory Usage (5988684K) : Executing rule pr_bndry_OFFGRID
2022-12-04 03:36:41 +0000: Memory Usage (5988684K) : Executing rule mdiode_OFFGRID
2022-12-04 03:36:41 +0000: Memory Usage (5988684K) : Executing rule metal1_res_OFFGRID
2022-12-04 03:36:41 +0000: Memory Usage (5988684K) : Executing rule metal2_res_OFFGRID
2022-12-04 03:36:42 +0000: Memory Usage (5988684K) : Executing rule metal3_res_OFFGRID
2022-12-04 03:36:42 +0000: Memory Usage (5988684K) : Executing rule metal4_res_OFFGRID
2022-12-04 03:36:42 +0000: Memory Usage (5988684K) : Executing rule metal5_res_OFFGRID
2022-12-04 03:36:42 +0000: Memory Usage (5988684K) : Executing rule metal6_res_OFFGRID
2022-12-04 03:36:42 +0000: Memory Usage (5988684K) : Executing rule border_OFFGRID
VmPeak:	 6126584 kB
VmHWM:	 5191380 kB
2022-12-04 03:36:43 +0000: Memory Usage (5988684K) : DRC Total Run time 639.521965 seconds
