2022-12-04 03:37:14 +0000: Memory Usage (540956K) : Starting running GF180MCU Klayout DRC runset on /home/ivan/Documentos/global_foundries/gf180-demo/caravel_user_project/gds/user_project_wrapper.gds
2022-12-04 03:37:14 +0000: Memory Usage (540956K) : Ruby Version for klayout: 2.0.0
2022-12-04 03:37:14 +0000: Memory Usage (554576K) : Loading database to memory is complete.
2022-12-04 03:37:15 +0000: Memory Usage (554576K) : GF180MCU Klayout DRC runset output at: /home/ivan/Documentos/global_foundries/gf180-demo/caravel_user_project/precheck_results/04_DEC_2022___03_25_02/outputs/reports/klayout_beol_check.xml
2022-12-04 03:37:15 +0000: Memory Usage (554576K) : Number of threads to use 4
2022-12-04 03:37:15 +0000: Memory Usage (554576K) : flat  mode is enabled.
2022-12-04 03:37:15 +0000: Memory Usage (554576K) : Read in polygons from layers.
2022-12-04 03:37:21 +0000: Memory Usage (704652K) : Starting deriving base layers.
2022-12-04 03:37:24 +0000: Memory Usage (819008K) : Evaluate switches.
2022-12-04 03:37:24 +0000: Memory Usage (819008K) : FEOL is disabled.
2022-12-04 03:37:24 +0000: Memory Usage (819008K) : BEOL is enabled.
2022-12-04 03:37:24 +0000: Memory Usage (819008K) : connectivity rules are enabled.
2022-12-04 03:37:24 +0000: Memory Usage (819008K) : METAL_TOP Selected is 9K
2022-12-04 03:37:24 +0000: Memory Usage (819008K) : METAL_STACK Selected is 5LM
2022-12-04 03:37:24 +0000: Memory Usage (819008K) : Wedge enabled  true
2022-12-04 03:37:24 +0000: Memory Usage (819008K) : Ball enabled  true
2022-12-04 03:37:24 +0000: Memory Usage (819008K) : Gold enabled  true
2022-12-04 03:37:24 +0000: Memory Usage (819008K) : MIM Option selected B
/home/ivan/mpw_precheck/checks/tech-files/gf180mcuC_mr.drc:543: warning: already initialized constant DRC::DRCEngine::OFFGRID
/home/ivan/mpw_precheck/checks/tech-files/gf180mcuC_mr.drc:463: warning: previous definition of OFFGRID was here
2022-12-04 03:37:24 +0000: Memory Usage (819008K) : Offgrid enabled  true
2022-12-04 03:37:24 +0000: Memory Usage (819008K) : Construct connectivity for the design.
2022-12-04 03:37:28 +0000: Memory Usage (819008K) : Connectivity rules enabled, Netlist object will be generated.
2022-12-04 03:37:34 +0000: Memory Usage (939816K) : Total area of the design is 8997120.228799999 um^2.
2022-12-04 03:37:34 +0000: Memory Usage (939816K) : Total no. of polygons in the design is 942657
2022-12-04 03:37:34 +0000: Memory Usage (939816K) : Initialization and base layers definition.
2022-12-04 03:37:34 +0000: Memory Usage (939816K) : Starting GF180MCU DRC rules.
2022-12-04 03:37:34 +0000: Memory Usage (939816K) : BEOL section
2022-12-04 03:37:34 +0000: Memory Usage (939816K) : Executing rule M1.1
2022-12-04 03:37:35 +0000: Memory Usage (939816K) : Executing rule M1.2a
2022-12-04 03:37:52 +0000: Memory Usage (939816K) : Executing rule M1.2b
2022-12-04 03:37:59 +0000: Memory Usage (1005360K) : Executing rule M1.3
2022-12-04 03:37:59 +0000: Memory Usage (1005360K) : Executing rule M2.1
2022-12-04 03:37:59 +0000: Memory Usage (1005360K) : Executing rule M2.2a
2022-12-04 03:37:59 +0000: Memory Usage (1005360K) : Executing rule M2.2b
2022-12-04 03:37:59 +0000: Memory Usage (1005360K) : Executing rule M2.3
2022-12-04 03:37:59 +0000: Memory Usage (1005360K) : Executing rule M3.1
2022-12-04 03:37:59 +0000: Memory Usage (1005360K) : Executing rule M3.2a
2022-12-04 03:37:59 +0000: Memory Usage (1005360K) : Executing rule M3.2b
2022-12-04 03:37:59 +0000: Memory Usage (1005360K) : Executing rule M3.3
2022-12-04 03:37:59 +0000: Memory Usage (1005360K) : Executing rule M4.1
2022-12-04 03:38:00 +0000: Memory Usage (1005360K) : Executing rule M4.2a
2022-12-04 03:38:00 +0000: Memory Usage (1005360K) : Executing rule M4.2b
2022-12-04 03:38:00 +0000: Memory Usage (1005360K) : Executing rule M4.3
2022-12-04 03:38:00 +0000: Memory Usage (1005360K) : Executing rule M5.1
2022-12-04 03:38:00 +0000: Memory Usage (1005360K) : Executing rule M5.2a
2022-12-04 03:38:00 +0000: Memory Usage (1005360K) : Executing rule M5.2b
2022-12-04 03:38:00 +0000: Memory Usage (1005360K) : Executing rule M5.3
2022-12-04 03:38:00 +0000: Memory Usage (1005360K) : Executing rule V1.1
2022-12-04 03:38:00 +0000: Memory Usage (1005360K) : Executing rule V1.2a
2022-12-04 03:38:00 +0000: Memory Usage (1005360K) : Executing rule V1.2b
2022-12-04 03:38:00 +0000: Memory Usage (1005360K) : Executing rule V1.3a
2022-12-04 03:38:09 +0000: Memory Usage (1155656K) : Executing rule V1.3c
2022-12-04 03:38:10 +0000: Memory Usage (1155656K) : Executing rule V1.3d
2022-12-04 03:38:12 +0000: Memory Usage (1170068K) : Executing rule V1.4a
2022-12-04 03:38:12 +0000: Memory Usage (1170068K) : Executing rule V1.4b
2022-12-04 03:38:12 +0000: Memory Usage (1170068K) : Executing rule V1.4c
2022-12-04 03:38:12 +0000: Memory Usage (1170068K) : Executing rule V2.1
2022-12-04 03:38:13 +0000: Memory Usage (1170068K) : Executing rule V2.2a
2022-12-04 03:38:13 +0000: Memory Usage (1170068K) : Executing rule V2.2b
2022-12-04 03:38:13 +0000: Memory Usage (1170068K) : Executing rule V2.3b
2022-12-04 03:38:13 +0000: Memory Usage (1170068K) : Executing rule V2.3c
2022-12-04 03:38:14 +0000: Memory Usage (1170068K) : Executing rule V2.3d
2022-12-04 03:38:14 +0000: Memory Usage (1170068K) : Executing rule V2.4a
2022-12-04 03:38:14 +0000: Memory Usage (1170068K) : Executing rule V2.4b
2022-12-04 03:38:14 +0000: Memory Usage (1170068K) : Executing rule V2.4c
2022-12-04 03:38:15 +0000: Memory Usage (1170068K) : Executing rule V3.1
2022-12-04 03:38:15 +0000: Memory Usage (1170068K) : Executing rule V3.2a
2022-12-04 03:38:15 +0000: Memory Usage (1170068K) : Executing rule V3.2b
2022-12-04 03:38:15 +0000: Memory Usage (1170068K) : Executing rule V3.3b
2022-12-04 03:38:15 +0000: Memory Usage (1170068K) : Executing rule V3.3c
2022-12-04 03:38:15 +0000: Memory Usage (1170068K) : Executing rule V3.3d
2022-12-04 03:38:16 +0000: Memory Usage (1170068K) : Executing rule V3.4a
2022-12-04 03:38:16 +0000: Memory Usage (1170068K) : Executing rule V3.4b
2022-12-04 03:38:16 +0000: Memory Usage (1170068K) : Executing rule V3.4c
2022-12-04 03:38:16 +0000: Memory Usage (1170068K) : Executing rule V4.1
2022-12-04 03:38:16 +0000: Memory Usage (1170068K) : Executing rule V4.2a
2022-12-04 03:38:17 +0000: Memory Usage (1194644K) : Executing rule V4.2b
2022-12-04 03:38:18 +0000: Memory Usage (1194644K) : Executing rule V4.3b
2022-12-04 03:38:18 +0000: Memory Usage (1194644K) : Executing rule V4.3c
2022-12-04 03:38:19 +0000: Memory Usage (1194644K) : Executing rule V4.3d
2022-12-04 03:38:19 +0000: Memory Usage (1194644K) : Executing rule V4.4a
2022-12-04 03:38:20 +0000: Memory Usage (1194644K) : Executing rule V4.4b
2022-12-04 03:38:21 +0000: Memory Usage (1206152K) : Executing rule V4.4c
2022-12-04 03:38:21 +0000: Memory Usage (1206152K) : Executing rule V5.1
2022-12-04 03:38:21 +0000: Memory Usage (1206152K) : Executing rule V5.2a
2022-12-04 03:38:22 +0000: Memory Usage (1206152K) : Executing rule V5.2b
2022-12-04 03:38:22 +0000: Memory Usage (1206152K) : Executing rule V5.3b
2022-12-04 03:38:22 +0000: Memory Usage (1206152K) : Executing rule V5.3c
2022-12-04 03:38:22 +0000: Memory Usage (1206152K) : Executing rule V5.3d
2022-12-04 03:38:22 +0000: Memory Usage (1206152K) : Executing rule V5.4a
2022-12-04 03:38:22 +0000: Memory Usage (1206152K) : Executing rule V5.4b
2022-12-04 03:38:23 +0000: Memory Usage (1206152K) : Executing rule V5.4c
2022-12-04 03:38:23 +0000: Memory Usage (1206152K) : MetalTop thickness 9k/11k section
2022-12-04 03:38:23 +0000: Memory Usage (1206152K) : Executing rule MT.1
2022-12-04 03:38:23 +0000: Memory Usage (1206152K) : Executing rule MT.2a
2022-12-04 03:38:23 +0000: Memory Usage (1206152K) : Executing rule MT.2b
2022-12-04 03:38:23 +0000: Memory Usage (1206152K) : Executing rule MT.4
2022-12-04 03:38:23 +0000: Memory Usage (1206152K) : Executing rule MC.1
2022-12-04 03:38:23 +0000: Memory Usage (1206152K) : Executing rule MC.2
2022-12-04 03:38:23 +0000: Memory Usage (1206152K) : Executing rule MC.3
2022-12-04 03:38:23 +0000: Memory Usage (1206152K) : Executing rule MC.4
2022-12-04 03:38:24 +0000: Memory Usage (1219264K) : Executing rule PRES.1
2022-12-04 03:38:24 +0000: Memory Usage (1219264K) : Executing rule PRES.2
2022-12-04 03:38:24 +0000: Memory Usage (1219264K) : Executing rule PRES.3
2022-12-04 03:38:24 +0000: Memory Usage (1219264K) : Executing rule PRES.4
2022-12-04 03:38:24 +0000: Memory Usage (1219264K) : Executing rule PRES.5
2022-12-04 03:38:24 +0000: Memory Usage (1219264K) : Executing rule PRES.6
2022-12-04 03:38:24 +0000: Memory Usage (1219264K) : Executing rule PRES.7
2022-12-04 03:38:25 +0000: Memory Usage (1233916K) : Executing rule PRES.9a
2022-12-04 03:38:25 +0000: Memory Usage (1233916K) : Executing rule PRES.9b
2022-12-04 03:38:25 +0000: Memory Usage (1233916K) : Executing rule LRES.1
2022-12-04 03:38:25 +0000: Memory Usage (1233916K) : Executing rule LRES.2
2022-12-04 03:38:25 +0000: Memory Usage (1233916K) : Executing rule LRES.3
2022-12-04 03:38:25 +0000: Memory Usage (1233916K) : Executing rule LRES.4
2022-12-04 03:38:25 +0000: Memory Usage (1233916K) : Executing rule LRES.5
2022-12-04 03:38:26 +0000: Memory Usage (1239036K) : Executing rule LRES.6
2022-12-04 03:38:26 +0000: Memory Usage (1244800K) : Executing rule LRES.7
2022-12-04 03:38:27 +0000: Memory Usage (1250844K) : Executing rule LRES.9a
2022-12-04 03:38:27 +0000: Memory Usage (1250844K) : Executing rule LRES.9b
2022-12-04 03:38:29 +0000: Memory Usage (1273112K) : Executing rule HRES.1
2022-12-04 03:38:29 +0000: Memory Usage (1273112K) : Executing rule HRES.2
2022-12-04 03:38:29 +0000: Memory Usage (1273112K) : Executing rule HRES.3
2022-12-04 03:38:29 +0000: Memory Usage (1273112K) : Executing rule HRES.4
2022-12-04 03:38:29 +0000: Memory Usage (1273112K) : Executing rule HRES.5
2022-12-04 03:38:29 +0000: Memory Usage (1273112K) : Executing rule HRES.6
2022-12-04 03:38:30 +0000: Memory Usage (1289704K) : Executing rule HRES.7
2022-12-04 03:38:30 +0000: Memory Usage (1289704K) : Executing rule HRES.8
2022-12-04 03:38:30 +0000: Memory Usage (1289704K) : Executing rule HRES.9
2022-12-04 03:38:30 +0000: Memory Usage (1289704K) : Executing rule HRES.10
2022-12-04 03:38:31 +0000: Memory Usage (1294208K) : Executing rule HRES.12a
2022-12-04 03:38:31 +0000: Memory Usage (1294208K) : Executing rule HRES.12b
2022-12-04 03:38:31 +0000: Memory Usage (1294208K) : MIM Capacitor Option B section
2022-12-04 03:38:31 +0000: Memory Usage (1294208K) : Executing rule MIMTM.1
2022-12-04 03:38:31 +0000: Memory Usage (1294208K) : Executing rule MIMTM.2
2022-12-04 03:38:31 +0000: Memory Usage (1294208K) : Executing rule MIMTM.3
2022-12-04 03:38:31 +0000: Memory Usage (1294208K) : Executing rule MIMTM.4
2022-12-04 03:38:32 +0000: Memory Usage (1294208K) : Executing rule MIMTM.5
2022-12-04 03:38:32 +0000: Memory Usage (1298500K) : Executing rule MIMTM.6
2022-12-04 03:38:32 +0000: Memory Usage (1298500K) : Executing rule MIMTM.7
2022-12-04 03:38:32 +0000: Memory Usage (1298500K) : Executing rule MIMTM.8a
2022-12-04 03:38:32 +0000: Memory Usage (1298500K) : Executing rule MIMTM.8b
2022-12-04 03:38:32 +0000: Memory Usage (1298500K) : Executing rule MIMTM.9
2022-12-04 03:38:32 +0000: Memory Usage (1298500K) : Executing rule MIMTM.10
2022-12-04 03:38:32 +0000: Memory Usage (1298500K) : Executing rule MIMTM.11
2022-12-04 03:38:32 +0000: Memory Usage (1298500K) : Executing rule NAT.1
2022-12-04 03:38:33 +0000: Memory Usage (1307504K) : Executing rule NAT.2
2022-12-04 03:38:33 +0000: Memory Usage (1307504K) : Executing rule NAT.3
2022-12-04 03:38:33 +0000: Memory Usage (1307504K) : Executing rule NAT.4
2022-12-04 03:38:34 +0000: Memory Usage (1320136K) : Executing rule NAT.5
2022-12-04 03:38:35 +0000: Memory Usage (1327008K) : CONNECTIVITY_RULES section
2022-12-04 03:38:35 +0000: Memory Usage (1327008K) : Executing rule NAT.6
2022-12-04 03:38:35 +0000: Memory Usage (1327008K) : Executing rule NAT.7
2022-12-04 03:38:36 +0000: Memory Usage (1327008K) : Executing rule NAT.8
2022-12-04 03:38:36 +0000: Memory Usage (1327008K) : Executing rule NAT.9
2022-12-04 03:38:36 +0000: Memory Usage (1327008K) : Executing rule NAT.10
2022-12-04 03:38:36 +0000: Memory Usage (1327008K) : Executing rule NAT.11
2022-12-04 03:38:36 +0000: Memory Usage (1327008K) : Executing rule NAT.12
2022-12-04 03:38:36 +0000: Memory Usage (1331628K) : Executing rule BJT.1
2022-12-04 03:38:36 +0000: Memory Usage (1331628K) : Executing rule BJT.2
2022-12-04 03:38:37 +0000: Memory Usage (1361316K) : Executing rule BJT.3
2022-12-04 03:38:37 +0000: Memory Usage (1361316K) : Executing rule DE.2
2022-12-04 03:38:37 +0000: Memory Usage (1361316K) : Executing rule DE.3
2022-12-04 03:38:37 +0000: Memory Usage (1361316K) : Executing rule DE.4
2022-12-04 03:38:37 +0000: Memory Usage (1367316K) : Executing rule LVS_BJT.1
2022-12-04 03:38:37 +0000: Memory Usage (1367316K) : Executing rule O.DF.3a
2022-12-04 03:38:37 +0000: Memory Usage (1367316K) : Executing rule O.DF.6
2022-12-04 03:38:38 +0000: Memory Usage (1367316K) : Executing rule O.DF.9
2022-12-04 03:38:38 +0000: Memory Usage (1367316K) : Executing rule O.PL.2
2022-12-04 03:38:39 +0000: Memory Usage (1387532K) : Executing rule O.PL.3a
2022-12-04 03:38:41 +0000: Memory Usage (1453404K) : Executing rule O.PL.4
2022-12-04 03:38:41 +0000: Memory Usage (1453404K) : Executing rule O.SB.2
2022-12-04 03:38:41 +0000: Memory Usage (1453404K) : Executing rule O.SB.3
2022-12-04 03:38:41 +0000: Memory Usage (1453404K) : Executing rule O.SB.4
2022-12-04 03:38:41 +0000: Memory Usage (1453404K) : Executing rule O.SB.5b_3.3V
2022-12-04 03:38:42 +0000: Memory Usage (1453404K) : Executing rule O.SB.9
2022-12-04 03:38:42 +0000: Memory Usage (1453404K) : Executing rule O.SB.11
2022-12-04 03:38:42 +0000: Memory Usage (1453404K) : Executing rule O.SB.13_3.3V
2022-12-04 03:38:42 +0000: Memory Usage (1453404K) : Executing rule O.SB.13_5V
2022-12-04 03:38:42 +0000: Memory Usage (1453404K) : Executing rule O.CO.7
2022-12-04 03:38:45 +0000: Memory Usage (1638580K) : Executing rule O.PL.ORT
2022-12-04 03:38:50 +0000: Memory Usage (1638580K) : Executing rule EF.01
2022-12-04 03:38:50 +0000: Memory Usage (1638580K) : Executing rule EF.02
2022-12-04 03:38:50 +0000: Memory Usage (1638580K) : Executing rule EF.03
2022-12-04 03:38:50 +0000: Memory Usage (1638580K) : Executing rule EF.04a
2022-12-04 03:38:50 +0000: Memory Usage (1638580K) : Executing rule EF.04b
2022-12-04 03:38:51 +0000: Memory Usage (1638580K) : Executing rule EF.04c
2022-12-04 03:38:51 +0000: Memory Usage (1638580K) : Executing rule EF.04d
2022-12-04 03:38:51 +0000: Memory Usage (1638580K) : Executing rule EF.05
2022-12-04 03:38:51 +0000: Memory Usage (1638580K) : Executing rule EF.06
2022-12-04 03:38:51 +0000: Memory Usage (1638580K) : Executing rule EF.07
2022-12-04 03:38:51 +0000: Memory Usage (1638580K) : Executing rule EF.08
2022-12-04 03:38:51 +0000: Memory Usage (1638580K) : Executing rule EF.09
2022-12-04 03:38:51 +0000: Memory Usage (1638580K) : Executing rule EF.10
2022-12-04 03:38:52 +0000: Memory Usage (1638580K) : Executing rule EF.11
2022-12-04 03:38:52 +0000: Memory Usage (1638580K) : Executing rule EF.12
2022-12-04 03:38:52 +0000: Memory Usage (1638580K) : Executing rule EF.13
2022-12-04 03:38:52 +0000: Memory Usage (1638580K) : Executing rule EF.14
2022-12-04 03:38:52 +0000: Memory Usage (1638580K) : Executing rule EF.15
2022-12-04 03:38:52 +0000: Memory Usage (1638580K) : Executing rule EF.16a
2022-12-04 03:38:52 +0000: Memory Usage (1638580K) : Executing rule EF.16b
2022-12-04 03:38:52 +0000: Memory Usage (1638580K) : Executing rule EF.17
2022-12-04 03:38:52 +0000: Memory Usage (1638580K) : Executing rule EF.18
2022-12-04 03:38:56 +0000: Memory Usage (1730816K) : Executing rule EF.19
2022-12-04 03:38:57 +0000: Memory Usage (1730816K) : Executing rule EF.20
2022-12-04 03:38:58 +0000: Memory Usage (1730816K) : Executing rule EF.21
2022-12-04 03:38:58 +0000: Memory Usage (1730816K) : Executing rule EF.22a
2022-12-04 03:38:58 +0000: Memory Usage (1730816K) : Executing rule EF.22b
2022-12-04 03:38:58 +0000: Memory Usage (1730816K) : Executing rule MDN.1
2022-12-04 03:38:58 +0000: Memory Usage (1730816K) : CONNECTIVITY_RULES section
2022-12-04 03:38:58 +0000: Memory Usage (1730816K) : Executing rule MDN.2a
2022-12-04 03:38:58 +0000: Memory Usage (1730816K) : Executing rule MDN.2b
2022-12-04 03:38:59 +0000: Memory Usage (1730816K) : Executing rule MDN.3a
2022-12-04 03:38:59 +0000: Memory Usage (1730816K) : Executing rule MDN.3b
2022-12-04 03:38:59 +0000: Memory Usage (1730816K) : Executing rule MDN.4a
2022-12-04 03:38:59 +0000: Memory Usage (1730816K) : Executing rule MDN.4b
2022-12-04 03:39:00 +0000: Memory Usage (1730816K) : Executing rule MDN.5ai
2022-12-04 03:39:00 +0000: Memory Usage (1730816K) : Executing rule MDN.5aii
2022-12-04 03:39:00 +0000: Memory Usage (1730816K) : Executing rule MDN.5b
2022-12-04 03:39:00 +0000: Memory Usage (1730816K) : Executing rule MDN.5c
2022-12-04 03:39:00 +0000: Memory Usage (1730816K) : Executing rule MDN.6
2022-12-04 03:39:01 +0000: Memory Usage (1730816K) : Executing rule MDN.6a
2022-12-04 03:39:01 +0000: Memory Usage (1730816K) : Executing rule MDN.7
2022-12-04 03:39:02 +0000: Memory Usage (1730816K) : Executing rule MDN.7a
2022-12-04 03:39:02 +0000: Memory Usage (1730816K) : CONNECTIVITY_RULES section
2022-12-04 03:39:02 +0000: Memory Usage (1730816K) : Executing rule MDN.8a
2022-12-04 03:39:02 +0000: Memory Usage (1730816K) : Executing rule MDN.8b
2022-12-04 03:39:02 +0000: Memory Usage (1730816K) : Executing rule MDN.9
2022-12-04 03:39:03 +0000: Memory Usage (1749948K) : Executing rule MDN.10a
2022-12-04 03:39:03 +0000: Memory Usage (1749948K) : Executing rule MDN.10b
2022-12-04 03:39:04 +0000: Memory Usage (1749948K) : Executing rule MDN.10c
2022-12-04 03:39:06 +0000: Memory Usage (1783044K) : Executing rule MDN.10d
2022-12-04 03:39:06 +0000: Memory Usage (1783044K) : Executing rule MDN.10ei
2022-12-04 03:39:07 +0000: Memory Usage (1786212K) : Executing rule MDN.10eii
2022-12-04 03:39:08 +0000: Memory Usage (1794324K) : Executing rule MDN.10f
2022-12-04 03:39:08 +0000: Memory Usage (1848968K) : Executing rule MDN.11
2022-12-04 03:39:10 +0000: Memory Usage (1861872K) : Executing rule MDN.12
2022-12-04 03:39:10 +0000: Memory Usage (1861872K) : Executing rule MDN.13a
2022-12-04 03:39:11 +0000: Memory Usage (1866416K) : Executing rule MDN.13b
2022-12-04 03:39:11 +0000: Memory Usage (1866416K) : Executing rule MDN.13c
2022-12-04 03:39:13 +0000: Memory Usage (1909852K) : Executing rule MDN.13d
2022-12-04 03:39:14 +0000: Memory Usage (1909852K) : Executing rule MDN.14
2022-12-04 03:39:14 +0000: Memory Usage (1909852K) : Executing rule MDN.15a
2022-12-04 03:39:14 +0000: Memory Usage (1909852K) : Executing rule MDN.15b
2022-12-04 03:39:15 +0000: Memory Usage (1914396K) : Executing rule MDN.17
2022-12-04 03:39:16 +0000: Memory Usage (1916928K) : Executing rule MDP.1
2022-12-04 03:39:17 +0000: Memory Usage (1960440K) : Executing rule MDP.1a
2022-12-04 03:41:32 +0000: Memory Usage (2546264K) : Executing rule MDP.2
2022-12-04 03:41:33 +0000: Memory Usage (2570764K) : Executing rule MDP.3
2022-12-04 03:41:33 +0000: Memory Usage (2570764K) : Executing rule MDP.3ai
2022-12-04 03:41:34 +0000: Memory Usage (2570764K) : Executing rule MDP.3aii
2022-12-04 03:41:34 +0000: Memory Usage (2570764K) : Executing rule MDP.3b
2022-12-04 03:41:34 +0000: Memory Usage (2570764K) : Executing rule MDP.3c
2022-12-04 03:41:34 +0000: Memory Usage (2570764K) : Executing rule MDP.3d
2022-12-04 03:41:34 +0000: Memory Usage (2570764K) : Executing rule MDP.4
2022-12-04 03:41:43 +0000: Memory Usage (2595056K) : Executing rule MDP.4a
2022-12-04 03:41:44 +0000: Memory Usage (2595056K) : Executing rule MDP.4b
2022-12-04 03:41:44 +0000: Memory Usage (2595056K) : Executing rule MDP.5
2022-12-04 03:41:45 +0000: Memory Usage (2599964K) : Executing rule MDP.5a
2022-12-04 03:41:45 +0000: Memory Usage (2599964K) : Executing rule MDP.6
2022-12-04 03:41:45 +0000: Memory Usage (2599964K) : Executing rule MDP.6a
2022-12-04 03:41:45 +0000: Memory Usage (2599964K) : Executing rule MDP.7
2022-12-04 03:41:45 +0000: Memory Usage (2599964K) : Executing rule MDP.8
2022-12-04 03:41:45 +0000: Memory Usage (2599964K) : Executing rule MDP.9a
2022-12-04 03:41:46 +0000: Memory Usage (2599964K) : Executing rule MDP.9b
2022-12-04 03:41:46 +0000: Memory Usage (2599964K) : Executing rule MDP.9c
2022-12-04 03:41:47 +0000: Memory Usage (2647580K) : Executing rule MDP.9d
2022-12-04 03:41:51 +0000: Memory Usage (2720268K) : Executing rule MDP.9ei
2022-12-04 03:41:53 +0000: Memory Usage (2750056K) : Executing rule MDP.9eii
2022-12-04 03:41:53 +0000: Memory Usage (2750056K) : Executing rule MDP.9f
2022-12-04 03:41:54 +0000: Memory Usage (2773144K) : Executing rule MDP.10
2022-12-04 03:41:54 +0000: Memory Usage (2773144K) : CONNECTIVITY_RULES section
2022-12-04 03:41:54 +0000: Memory Usage (2773144K) : Executing rule MDP.10a
2022-12-04 03:41:55 +0000: Memory Usage (2773144K) : Executing rule MDP.10b
2022-12-04 03:41:55 +0000: Memory Usage (2773144K) : Executing rule MDP.11
2022-12-04 03:41:55 +0000: Memory Usage (2773144K) : Executing rule MDP.12
2022-12-04 03:41:56 +0000: Memory Usage (2795984K) : Executing rule MDP.13a
2022-12-04 03:41:57 +0000: Memory Usage (2821456K) : Executing rule MDP.13b
2022-12-04 03:41:57 +0000: Memory Usage (2821456K) : Executing rule MDP.13c
2022-12-04 03:41:58 +0000: Memory Usage (2848240K) : Executing rule MDP.15
2022-12-04 03:41:58 +0000: Memory Usage (2848240K) : Executing rule MDP.16a
2022-12-04 03:41:58 +0000: Memory Usage (2848240K) : Executing rule MDP.16b
2022-12-04 03:41:58 +0000: Memory Usage (2848240K) : Executing rule MDP.17a
2022-12-04 03:41:58 +0000: Memory Usage (2848240K) : Executing rule MDP.17c
2022-12-04 03:41:59 +0000: Memory Usage (2848240K) : Executing rule Y.NW.2b_3.3V
2022-12-04 03:41:59 +0000: Memory Usage (2848240K) : Executing rule Y.NW.2b_5V
2022-12-04 03:41:59 +0000: Memory Usage (2848240K) : Executing rule Y.DF.6_5V
2022-12-04 03:41:59 +0000: Memory Usage (2848240K) : Executing rule Y.DF.16_3.3V
2022-12-04 03:41:59 +0000: Memory Usage (2848240K) : Executing rule Y.DF.16_5V
2022-12-04 03:42:00 +0000: Memory Usage (2848240K) : Executing rule Y.PL.1_3.3V
2022-12-04 03:42:00 +0000: Memory Usage (2848240K) : Executing rule Y.PL.1_5V
2022-12-04 03:42:00 +0000: Memory Usage (2848240K) : Executing rule Y.PL.2_3.3V
2022-12-04 03:42:02 +0000: Memory Usage (2871516K) : Executing rule Y.PL.2_5V
2022-12-04 03:42:03 +0000: Memory Usage (2891448K) : Executing rule Y.PL.4_5V
2022-12-04 03:42:04 +0000: Memory Usage (2891448K) : Executing rule Y.PL.5a_3.3V
2022-12-04 03:42:04 +0000: Memory Usage (2891448K) : Executing rule Y.PL.5a_5V
2022-12-04 03:42:04 +0000: Memory Usage (2891448K) : Executing rule Y.PL.5b_3.3V
2022-12-04 03:42:04 +0000: Memory Usage (2891448K) : Executing rule Y.PL.5b_5V
2022-12-04 03:42:04 +0000: Memory Usage (2891448K) : Executing rule S.DF.4c_MV
2022-12-04 03:42:05 +0000: Memory Usage (2891448K) : Executing rule S.DF.6_MV
2022-12-04 03:42:05 +0000: Memory Usage (2891448K) : Executing rule S.DF.7_MV
2022-12-04 03:42:05 +0000: Memory Usage (2891448K) : Executing rule S.DF.8_MV
2022-12-04 03:42:05 +0000: Memory Usage (2891448K) : Executing rule S.DF.16_MV
2022-12-04 03:42:06 +0000: Memory Usage (2915112K) : Executing rule S.PL.5a_MV
2022-12-04 03:42:06 +0000: Memory Usage (2915112K) : Executing rule S.PL.5b_MV
2022-12-04 03:42:06 +0000: Memory Usage (2915112K) : Executing rule S.CO.4_MV
2022-12-04 03:42:06 +0000: Memory Usage (2915112K) : Executing rule S.DF.4c_LV
2022-12-04 03:42:06 +0000: Memory Usage (2915112K) : Executing rule S.DF.16_LV
2022-12-04 03:42:07 +0000: Memory Usage (2937680K) : Executing rule S.CO.3_LV
2022-12-04 03:42:07 +0000: Memory Usage (2937680K) : Executing rule S.CO.4_LV
2022-12-04 03:42:07 +0000: Memory Usage (2937680K) : Executing rule S.CO.6_ii_LV
2022-12-04 03:42:07 +0000: Memory Usage (2937680K) : Executing rule S.M1.1_LV
2022-12-04 03:42:08 +0000: Memory Usage (2937680K) : OFFGRID-ANGLES section
2022-12-04 03:42:08 +0000: Memory Usage (2937680K) : Executing rule comp_OFFGRID
2022-12-04 03:42:08 +0000: Memory Usage (2937680K) : Executing rule dnwell_OFFGRID
2022-12-04 03:42:08 +0000: Memory Usage (2937680K) : Executing rule nwell_OFFGRID
2022-12-04 03:42:08 +0000: Memory Usage (2937680K) : Executing rule lvpwell_OFFGRID
2022-12-04 03:42:08 +0000: Memory Usage (2937680K) : Executing rule dualgate_OFFGRID
2022-12-04 03:42:08 +0000: Memory Usage (2937680K) : Executing rule poly2_OFFGRID
2022-12-04 03:42:08 +0000: Memory Usage (2937680K) : Executing rule nplus_OFFGRID
2022-12-04 03:42:09 +0000: Memory Usage (2937680K) : Executing rule pplus_OFFGRID
2022-12-04 03:42:09 +0000: Memory Usage (2937680K) : Executing rule sab_OFFGRID
2022-12-04 03:42:09 +0000: Memory Usage (2937680K) : Executing rule esd_OFFGRID
2022-12-04 03:42:09 +0000: Memory Usage (2937680K) : Executing rule contact_OFFGRID
2022-12-04 03:42:09 +0000: Memory Usage (2937680K) : Executing rule metal1_OFFGRID
2022-12-04 03:42:09 +0000: Memory Usage (2937680K) : Executing rule via1_OFFGRID
2022-12-04 03:42:10 +0000: Memory Usage (2937680K) : Executing rule metal2_OFFGRID
2022-12-04 03:42:10 +0000: Memory Usage (2937680K) : Executing rule via2_OFFGRID
2022-12-04 03:42:10 +0000: Memory Usage (2937680K) : Executing rule metal3_OFFGRID
2022-12-04 03:42:10 +0000: Memory Usage (2937680K) : Executing rule via3_OFFGRID
2022-12-04 03:42:10 +0000: Memory Usage (2937680K) : Executing rule metal4_OFFGRID
2022-12-04 03:42:10 +0000: Memory Usage (2937680K) : Executing rule via4_OFFGRID
2022-12-04 03:42:10 +0000: Memory Usage (2937680K) : Executing rule metal5_OFFGRID
2022-12-04 03:42:10 +0000: Memory Usage (2937680K) : Executing rule via5_OFFGRID
2022-12-04 03:42:11 +0000: Memory Usage (2937680K) : Executing rule metaltop_OFFGRID
2022-12-04 03:42:11 +0000: Memory Usage (2937680K) : Executing rule pad_OFFGRID
2022-12-04 03:42:11 +0000: Memory Usage (2937680K) : Executing rule resistor_OFFGRID
2022-12-04 03:42:11 +0000: Memory Usage (2937680K) : Executing rule fhres_OFFGRID
2022-12-04 03:42:11 +0000: Memory Usage (2937680K) : Executing rule fusetop_OFFGRID
2022-12-04 03:42:11 +0000: Memory Usage (2937680K) : Executing rule fusewindow_d_OFFGRID
2022-12-04 03:42:11 +0000: Memory Usage (2937680K) : Executing rule polyfuse_OFFGRID
2022-12-04 03:42:12 +0000: Memory Usage (2937680K) : Executing rule mvsd_OFFGRID
2022-12-04 03:42:12 +0000: Memory Usage (2937680K) : Executing rule mvpsd_OFFGRID
2022-12-04 03:42:12 +0000: Memory Usage (2937680K) : Executing rule nat_OFFGRID
2022-12-04 03:42:12 +0000: Memory Usage (2937680K) : Executing rule comp_dummy_OFFGRID
2022-12-04 03:42:12 +0000: Memory Usage (2937680K) : Executing rule poly2_dummy_OFFGRID
2022-12-04 03:42:12 +0000: Memory Usage (2937680K) : Executing rule metal1_dummy_OFFGRID
2022-12-04 03:42:12 +0000: Memory Usage (2937680K) : Executing rule metal2_dummy_OFFGRID
2022-12-04 03:42:13 +0000: Memory Usage (2937680K) : Executing rule metal3_dummy_OFFGRID
2022-12-04 03:42:13 +0000: Memory Usage (2937680K) : Executing rule metal4_dummy_OFFGRID
2022-12-04 03:42:13 +0000: Memory Usage (2937680K) : Executing rule metal5_dummy_OFFGRID
2022-12-04 03:42:13 +0000: Memory Usage (2937680K) : Executing rule metaltop_dummy_OFFGRID
2022-12-04 03:42:13 +0000: Memory Usage (2937680K) : Executing rule comp_label_OFFGRID
2022-12-04 03:42:13 +0000: Memory Usage (2937680K) : Executing rule poly2_label_OFFGRID
2022-12-04 03:42:13 +0000: Memory Usage (2937680K) : Executing rule metal1_label_OFFGRID
2022-12-04 03:42:14 +0000: Memory Usage (2937680K) : Executing rule metal2_label_OFFGRID
2022-12-04 03:42:14 +0000: Memory Usage (2937680K) : Executing rule metal3_label_OFFGRID
2022-12-04 03:42:14 +0000: Memory Usage (2937680K) : Executing rule metal4_label_OFFGRID
2022-12-04 03:42:14 +0000: Memory Usage (2937680K) : Executing rule metal5_label_OFFGRID
2022-12-04 03:42:14 +0000: Memory Usage (2937680K) : Executing rule metaltop_label_OFFGRID
2022-12-04 03:42:14 +0000: Memory Usage (2937680K) : Executing rule metal1_slot_OFFGRID
2022-12-04 03:42:14 +0000: Memory Usage (2937680K) : Executing rule metal2_slot_OFFGRID
2022-12-04 03:42:14 +0000: Memory Usage (2937680K) : Executing rule metal3_slot_OFFGRID
2022-12-04 03:42:15 +0000: Memory Usage (2937680K) : Executing rule metal4_slot_OFFGRID
2022-12-04 03:42:15 +0000: Memory Usage (2937680K) : Executing rule metal5_slot_OFFGRID
2022-12-04 03:42:15 +0000: Memory Usage (2937680K) : Executing rule metaltop_slot_OFFGRID
2022-12-04 03:42:15 +0000: Memory Usage (2937680K) : Executing rule ubmpperi_OFFGRID
2022-12-04 03:42:15 +0000: Memory Usage (2937680K) : Executing rule ubmparray_OFFGRID
2022-12-04 03:42:15 +0000: Memory Usage (2937680K) : Executing rule ubmeplate_OFFGRID
2022-12-04 03:42:15 +0000: Memory Usage (2937680K) : Executing rule schottky_diode_OFFGRID
2022-12-04 03:42:16 +0000: Memory Usage (2937680K) : Executing rule zener_OFFGRID
2022-12-04 03:42:16 +0000: Memory Usage (2937680K) : Executing rule res_mk_OFFGRID
2022-12-04 03:42:16 +0000: Memory Usage (2937680K) : Executing rule opc_drc_OFFGRID
2022-12-04 03:42:16 +0000: Memory Usage (2937680K) : Executing rule ndmy_OFFGRID
2022-12-04 03:42:16 +0000: Memory Usage (2937680K) : Executing rule pmndmy_OFFGRID
2022-12-04 03:42:16 +0000: Memory Usage (2937680K) : Executing rule v5_xtor_OFFGRID
2022-12-04 03:42:16 +0000: Memory Usage (2937680K) : Executing rule cap_mk_OFFGRID
2022-12-04 03:42:16 +0000: Memory Usage (2937680K) : Executing rule mos_cap_mk_OFFGRID
2022-12-04 03:42:17 +0000: Memory Usage (2937680K) : Executing rule ind_mk_OFFGRID
2022-12-04 03:42:17 +0000: Memory Usage (2937680K) : Executing rule diode_mk_OFFGRID
2022-12-04 03:42:17 +0000: Memory Usage (2937680K) : Executing rule drc_bjt_OFFGRID
2022-12-04 03:42:17 +0000: Memory Usage (2937680K) : Executing rule lvs_bjt_OFFGRID
2022-12-04 03:42:17 +0000: Memory Usage (2937680K) : Executing rule mim_l_mk_OFFGRID
2022-12-04 03:42:17 +0000: Memory Usage (2937680K) : Executing rule latchup_mk_OFFGRID
2022-12-04 03:42:17 +0000: Memory Usage (2937680K) : Executing rule guard_ring_mk_OFFGRID
2022-12-04 03:42:17 +0000: Memory Usage (2937680K) : Executing rule otp_mk_OFFGRID
2022-12-04 03:42:18 +0000: Memory Usage (2937680K) : Executing rule mtpmark_OFFGRID
2022-12-04 03:42:18 +0000: Memory Usage (2937680K) : Executing rule neo_ee_mk_OFFGRID
2022-12-04 03:42:18 +0000: Memory Usage (2937680K) : Executing rule sramcore_OFFGRID
2022-12-04 03:42:18 +0000: Memory Usage (2937680K) : Executing rule lvs_rf_OFFGRID
2022-12-04 03:42:18 +0000: Memory Usage (2937680K) : Executing rule lvs_drain_OFFGRID
2022-12-04 03:42:18 +0000: Memory Usage (2937680K) : Executing rule hvpolyrs_OFFGRID
2022-12-04 03:42:18 +0000: Memory Usage (2937680K) : Executing rule lvs_io_OFFGRID
2022-12-04 03:42:18 +0000: Memory Usage (2937680K) : Executing rule probe_mk_OFFGRID
2022-12-04 03:42:19 +0000: Memory Usage (2937680K) : Executing rule esd_mk_OFFGRID
2022-12-04 03:42:19 +0000: Memory Usage (2937680K) : Executing rule lvs_source_OFFGRID
2022-12-04 03:42:19 +0000: Memory Usage (2937680K) : Executing rule well_diode_mk_OFFGRID
2022-12-04 03:42:19 +0000: Memory Usage (2937680K) : Executing rule ldmos_xtor_OFFGRID
2022-12-04 03:42:19 +0000: Memory Usage (2937680K) : Executing rule plfuse_OFFGRID
2022-12-04 03:42:19 +0000: Memory Usage (2937680K) : Executing rule efuse_mk_OFFGRID
2022-12-04 03:42:19 +0000: Memory Usage (2937680K) : Executing rule mcell_feol_mk_OFFGRID
2022-12-04 03:42:19 +0000: Memory Usage (2937680K) : Executing rule ymtp_mk_OFFGRID
2022-12-04 03:42:20 +0000: Memory Usage (2937680K) : Executing rule dev_wf_mk_OFFGRID
2022-12-04 03:42:20 +0000: Memory Usage (2937680K) : Executing rule metal1_blk_OFFGRID
2022-12-04 03:42:20 +0000: Memory Usage (2937680K) : Executing rule metal2_blk_OFFGRID
2022-12-04 03:42:20 +0000: Memory Usage (2937680K) : Executing rule metal3_blk_OFFGRID
2022-12-04 03:42:20 +0000: Memory Usage (2937680K) : Executing rule metal4_blk_OFFGRID
2022-12-04 03:42:20 +0000: Memory Usage (2937680K) : Executing rule metal5_blk_OFFGRID
2022-12-04 03:42:20 +0000: Memory Usage (2937680K) : Executing rule metalt_blk_OFFGRID
2022-12-04 03:42:21 +0000: Memory Usage (2937680K) : Executing rule pr_bndry_OFFGRID
2022-12-04 03:42:21 +0000: Memory Usage (2937680K) : Executing rule mdiode_OFFGRID
2022-12-04 03:42:21 +0000: Memory Usage (2937680K) : Executing rule metal1_res_OFFGRID
2022-12-04 03:42:21 +0000: Memory Usage (2937680K) : Executing rule metal2_res_OFFGRID
2022-12-04 03:42:21 +0000: Memory Usage (2937680K) : Executing rule metal3_res_OFFGRID
2022-12-04 03:42:21 +0000: Memory Usage (2937680K) : Executing rule metal4_res_OFFGRID
2022-12-04 03:42:21 +0000: Memory Usage (2937680K) : Executing rule metal5_res_OFFGRID
2022-12-04 03:42:21 +0000: Memory Usage (2937680K) : Executing rule metal6_res_OFFGRID
2022-12-04 03:42:22 +0000: Memory Usage (2937680K) : Executing rule border_OFFGRID
VmPeak:	 3075548 kB
VmHWM:	 2540012 kB
2022-12-04 03:42:22 +0000: Memory Usage (2937680K) : DRC Total Run time 307.585024 seconds
