2022-12-04 03:00:47 +0000: Memory Usage (540960K) : Starting running GF180MCU Klayout DRC runset on /home/ivan/Documentos/global_foundries/gf180-demo/caravel_user_project/gds/user_project_wrapper.gds
2022-12-04 03:00:48 +0000: Memory Usage (540960K) : Ruby Version for klayout: 2.0.0
2022-12-04 03:00:48 +0000: Memory Usage (554584K) : Loading database to memory is complete.
2022-12-04 03:00:48 +0000: Memory Usage (554584K) : GF180MCU Klayout DRC runset output at: /home/ivan/Documentos/global_foundries/gf180-demo/caravel_user_project/precheck_results/04_DEC_2022___02_59_30/outputs/reports/klayout_feol_check.xml
2022-12-04 03:00:48 +0000: Memory Usage (554584K) : Number of threads to use 4
2022-12-04 03:00:48 +0000: Memory Usage (554584K) : flat  mode is enabled.
2022-12-04 03:00:48 +0000: Memory Usage (554584K) : Read in polygons from layers.
2022-12-04 03:00:54 +0000: Memory Usage (704664K) : Starting deriving base layers.
2022-12-04 03:00:58 +0000: Memory Usage (819016K) : Evaluate switches.
2022-12-04 03:00:58 +0000: Memory Usage (819016K) : FEOL is enabled.
2022-12-04 03:00:58 +0000: Memory Usage (819016K) : BEOL is disabled.
2022-12-04 03:00:58 +0000: Memory Usage (819016K) : connectivity rules are enabled.
2022-12-04 03:00:58 +0000: Memory Usage (819016K) : METAL_TOP Selected is 9K
2022-12-04 03:00:58 +0000: Memory Usage (819016K) : METAL_STACK Selected is 5LM
2022-12-04 03:00:58 +0000: Memory Usage (819016K) : Wedge enabled  true
2022-12-04 03:00:58 +0000: Memory Usage (819016K) : Ball enabled  true
2022-12-04 03:00:58 +0000: Memory Usage (819016K) : Gold enabled  true
2022-12-04 03:00:58 +0000: Memory Usage (819016K) : MIM Option selected B
/home/ivan/mpw_precheck/checks/tech-files/gf180mcuC_mr.drc:543: warning: already initialized constant DRC::DRCEngine::OFFGRID
/home/ivan/mpw_precheck/checks/tech-files/gf180mcuC_mr.drc:463: warning: previous definition of OFFGRID was here
2022-12-04 03:00:58 +0000: Memory Usage (819016K) : Offgrid enabled  true
2022-12-04 03:00:58 +0000: Memory Usage (819016K) : Construct connectivity for the design.
2022-12-04 03:01:01 +0000: Memory Usage (819016K) : Connectivity rules enabled, Netlist object will be generated.
2022-12-04 03:01:08 +0000: Memory Usage (939832K) : Total area of the design is 8997120.228799999 um^2.
2022-12-04 03:01:08 +0000: Memory Usage (939832K) : Total no. of polygons in the design is 942657
2022-12-04 03:01:08 +0000: Memory Usage (939832K) : Initialization and base layers definition.
2022-12-04 03:01:08 +0000: Memory Usage (939832K) : Starting GF180MCU DRC rules.
2022-12-04 03:01:08 +0000: Memory Usage (939832K) : FEOL section
2022-12-04 03:01:08 +0000: Memory Usage (939832K) : Executing rule DN.1
2022-12-04 03:01:08 +0000: Memory Usage (939832K) : CONNECTIVITY_RULES section
2022-12-04 03:01:08 +0000: Memory Usage (939832K) : Executing rule DN.2a
2022-12-04 03:01:08 +0000: Memory Usage (939832K) : Executing rule DN.2b
2022-12-04 03:01:08 +0000: Memory Usage (939832K) : Executing rule DN.3
2022-12-04 03:01:08 +0000: Memory Usage (939832K) : Executing rule LPW.1_3.3V
2022-12-04 03:01:08 +0000: Memory Usage (939832K) : Executing rule LPW.1_5V
2022-12-04 03:01:08 +0000: Memory Usage (939832K) : CONNECTIVITY_RULES section
2022-12-04 03:01:09 +0000: Memory Usage (939832K) : Executing rule LPW.2a_3.3V
2022-12-04 03:01:09 +0000: Memory Usage (939832K) : Executing rule LPW.2a_5V
2022-12-04 03:01:09 +0000: Memory Usage (939832K) : Executing rule LPW.2b_3.3V
2022-12-04 03:01:09 +0000: Memory Usage (939832K) : Executing rule LPW.2b_5V
2022-12-04 03:01:09 +0000: Memory Usage (939832K) : Executing rule LPW.3_3.3V
2022-12-04 03:01:09 +0000: Memory Usage (939832K) : Executing rule LPW.3_5V
2022-12-04 03:01:09 +0000: Memory Usage (939832K) : Executing rule LPW.5_3.3V
2022-12-04 03:01:09 +0000: Memory Usage (939832K) : Executing rule LPW.5_5V
2022-12-04 03:01:09 +0000: Memory Usage (939832K) : Executing rule LPW.11
2022-12-04 03:01:09 +0000: Memory Usage (939832K) : Executing rule LPW.12
2022-12-04 03:01:09 +0000: Memory Usage (939832K) : Executing rule NW.1a_3.3V
2022-12-04 03:01:09 +0000: Memory Usage (939832K) : Executing rule NW.1a_5V
2022-12-04 03:01:09 +0000: Memory Usage (939832K) : Executing rule NW.1b_3.3V
2022-12-04 03:01:09 +0000: Memory Usage (939832K) : Executing rule NW.1b_5V
2022-12-04 03:01:09 +0000: Memory Usage (939832K) : CONNECTIVITY_RULES section
2022-12-04 03:01:10 +0000: Memory Usage (939832K) : Executing rule NW.2a_3.3V
2022-12-04 03:01:10 +0000: Memory Usage (939832K) : Executing rule NW.2a_5V
2022-12-04 03:01:10 +0000: Memory Usage (939832K) : Executing rule NW.2b_3.3V
2022-12-04 03:01:10 +0000: Memory Usage (939832K) : Executing rule NW.2b_5V
2022-12-04 03:01:10 +0000: Memory Usage (939832K) : Executing rule NW.3_3.3V
2022-12-04 03:01:10 +0000: Memory Usage (939832K) : Executing rule NW.3_5V
2022-12-04 03:01:10 +0000: Memory Usage (939832K) : Executing rule NW.4_3.3V
2022-12-04 03:01:10 +0000: Memory Usage (939832K) : Executing rule NW.4_5V
2022-12-04 03:01:10 +0000: Memory Usage (939832K) : Executing rule NW.5_3.3V
2022-12-04 03:01:10 +0000: Memory Usage (939832K) : Executing rule NW.5_5V
2022-12-04 03:01:10 +0000: Memory Usage (939832K) : Executing rule NW.6
2022-12-04 03:01:10 +0000: Memory Usage (939832K) : Executing rule DF.1a_3.3V
2022-12-04 03:01:10 +0000: Memory Usage (939832K) : Executing rule DF.1a_5V
2022-12-04 03:01:10 +0000: Memory Usage (939832K) : Executing rule DF.1c_3.3V
2022-12-04 03:01:10 +0000: Memory Usage (939832K) : Executing rule DF.1c_5V
2022-12-04 03:01:15 +0000: Memory Usage (967912K) : Executing rule DF.2a_3.3V
2022-12-04 03:01:15 +0000: Memory Usage (967912K) : Executing rule DF.2a_5V
2022-12-04 03:01:16 +0000: Memory Usage (967912K) : Executing rule DF.2b_3.3V
2022-12-04 03:01:18 +0000: Memory Usage (1029204K) : Executing rule DF.2b_5V
2022-12-04 03:01:19 +0000: Memory Usage (1040484K) : Executing rule DF.3a_3.3V
2022-12-04 03:01:20 +0000: Memory Usage (1040484K) : Executing rule DF.3a_5V
2022-12-04 03:01:22 +0000: Memory Usage (1040484K) : Executing rule DF.3b_3.3V
2022-12-04 03:01:22 +0000: Memory Usage (1040484K) : Executing rule DF.3b_5V
2022-12-04 03:01:22 +0000: Memory Usage (1040484K) : Executing rule DF.3c_3.3V
2022-12-04 03:01:22 +0000: Memory Usage (1040484K) : Executing rule DF.3c_5V
2022-12-04 03:01:22 +0000: Memory Usage (1040484K) : Executing rule DF.4a_3.3V
2022-12-04 03:01:22 +0000: Memory Usage (1040484K) : Executing rule DF.4a_5V
2022-12-04 03:01:22 +0000: Memory Usage (1040484K) : Executing rule DF.4b_3.3V
2022-12-04 03:01:23 +0000: Memory Usage (1040484K) : Executing rule DF.4b_5V
2022-12-04 03:01:24 +0000: Memory Usage (1040484K) : Executing rule DF.4c_3.3V
2022-12-04 03:01:25 +0000: Memory Usage (1040484K) : Executing rule DF.4c_5V
2022-12-04 03:01:26 +0000: Memory Usage (1040484K) : Executing rule DF.4d_3.3V
2022-12-04 03:01:26 +0000: Memory Usage (1040484K) : Executing rule DF.4d_5V
2022-12-04 03:01:26 +0000: Memory Usage (1040484K) : Executing rule DF.4e_3.3V
2022-12-04 03:01:26 +0000: Memory Usage (1040484K) : Executing rule DF.4e_5V
2022-12-04 03:01:26 +0000: Memory Usage (1040484K) : Executing rule DF.5_3.3V
2022-12-04 03:01:27 +0000: Memory Usage (1055568K) : Executing rule DF.5_5V
2022-12-04 03:01:27 +0000: Memory Usage (1056288K) : Executing rule DF.6_3.3V
2022-12-04 03:01:28 +0000: Memory Usage (1083180K) : Executing rule DF.6_5V
2022-12-04 03:01:29 +0000: Memory Usage (1140660K) : Executing rule DF.7_3.3V
2022-12-04 03:01:29 +0000: Memory Usage (1140660K) : Executing rule DF.7_5V
2022-12-04 03:01:29 +0000: Memory Usage (1140660K) : Executing rule DF.8_3.3V
2022-12-04 03:01:29 +0000: Memory Usage (1140660K) : Executing rule DF.8_5V
2022-12-04 03:01:29 +0000: Memory Usage (1140660K) : Executing rule DF.9_3.3V
2022-12-04 03:01:29 +0000: Memory Usage (1140660K) : Executing rule DF.9_5V
2022-12-04 03:01:29 +0000: Memory Usage (1140660K) : Executing rule DF.10_3.3V
2022-12-04 03:01:29 +0000: Memory Usage (1140660K) : Executing rule DF.10_5V
2022-12-04 03:01:29 +0000: Memory Usage (1140660K) : Executing rule DF.11_3.3V
2022-12-04 03:01:29 +0000: Memory Usage (1140660K) : Executing rule DF.11_5V
2022-12-04 03:01:29 +0000: Memory Usage (1140660K) : Executing rule DF.12_3.3V
2022-12-04 03:01:30 +0000: Memory Usage (1196488K) : Executing rule DF.12_5V
2022-12-04 03:01:31 +0000: Memory Usage (1208108K) : Executing rule DF.13_3.3V
2022-12-04 03:01:38 +0000: Memory Usage (1176952K) : Executing rule DF.13_5V
2022-12-04 03:01:42 +0000: Memory Usage (1177788K) : Executing rule DF.14_3.3V
2022-12-04 03:01:49 +0000: Memory Usage (1188020K) : Executing rule DF.14_5V
2022-12-04 03:01:54 +0000: Memory Usage (1211684K) : Executing rule DF.16_3.3V
2022-12-04 03:01:54 +0000: Memory Usage (1211684K) : Executing rule DF.16_5V
2022-12-04 03:01:54 +0000: Memory Usage (1229132K) : Executing rule DF.17_3.3V
2022-12-04 03:01:54 +0000: Memory Usage (1229132K) : Executing rule DF.17_5V
2022-12-04 03:01:54 +0000: Memory Usage (1229132K) : Executing rule DF.18_3.3V
2022-12-04 03:01:54 +0000: Memory Usage (1229132K) : Executing rule DF.18_5V
2022-12-04 03:01:54 +0000: Memory Usage (1229132K) : Executing rule DF.19_3.3V
2022-12-04 03:01:54 +0000: Memory Usage (1229132K) : Executing rule DF.19_5V
2022-12-04 03:01:55 +0000: Memory Usage (1229132K) : Executing rule DV.1
2022-12-04 03:01:55 +0000: Memory Usage (1229132K) : Executing rule DV.2
2022-12-04 03:01:55 +0000: Memory Usage (1229132K) : Executing rule DV.3
2022-12-04 03:01:55 +0000: Memory Usage (1260216K) : Executing rule DV.5
2022-12-04 03:01:56 +0000: Memory Usage (1260216K) : Executing rule DV.6
2022-12-04 03:01:57 +0000: Memory Usage (1272780K) : Executing rule DV.7
2022-12-04 03:01:58 +0000: Memory Usage (1289236K) : Executing rule DV.8
2022-12-04 03:02:00 +0000: Memory Usage (1289236K) : Executing rule DV.9
2022-12-04 03:02:01 +0000: Memory Usage (1289236K) : Executing rule PL.1_3.3V
2022-12-04 03:02:01 +0000: Memory Usage (1289236K) : Executing rule PL.1_5V
2022-12-04 03:02:01 +0000: Memory Usage (1289236K) : Executing rule PL.1a_3.3V
2022-12-04 03:02:01 +0000: Memory Usage (1289236K) : Executing rule PL.1a_5V
2022-12-04 03:02:02 +0000: Memory Usage (1289236K) : Executing rule PL.2_3.3V
2022-12-04 03:02:16 +0000: Memory Usage (1514392K) : Executing rule PL.2_5V
2022-12-04 03:02:16 +0000: Memory Usage (1514392K) : Executing rule PL.3a_3.3V
2022-12-04 03:02:18 +0000: Memory Usage (1566496K) : Executing rule PL.3a_5V
2022-12-04 03:02:21 +0000: Memory Usage (1615300K) : Executing rule PL.4_3.3V
2022-12-04 03:02:21 +0000: Memory Usage (1671076K) : Executing rule PL.4_5V
2022-12-04 03:02:22 +0000: Memory Usage (1682560K) : Executing rule PL.5a_3.3V
2022-12-04 03:02:22 +0000: Memory Usage (1682560K) : Executing rule PL.5a_5V
2022-12-04 03:02:23 +0000: Memory Usage (1693516K) : Executing rule PL.5b_3.3V
2022-12-04 03:02:23 +0000: Memory Usage (1693516K) : Executing rule PL.5b_5V
2022-12-04 03:02:29 +0000: Memory Usage (1836164K) : Executing rule PL.6
2022-12-04 03:02:36 +0000: Memory Usage (2066692K) : Executing rule PL.7_3.3V
2022-12-04 03:02:36 +0000: Memory Usage (2066692K) : Executing rule PL.7_5V
2022-12-04 03:02:36 +0000: Memory Usage (2066692K) : Executing rule PL.9
2022-12-04 03:02:36 +0000: Memory Usage (2080436K) : Executing rule PL.11
2022-12-04 03:02:36 +0000: Memory Usage (2080436K) : Executing rule PL.12
2022-12-04 03:02:38 +0000: Memory Usage (2136156K) : Executing rule NP.1
2022-12-04 03:02:38 +0000: Memory Usage (2136156K) : Executing rule NP.2
2022-12-04 03:02:38 +0000: Memory Usage (2136156K) : Executing rule NP.3a
2022-12-04 03:02:39 +0000: Memory Usage (2136156K) : Executing rule NP.3bi
2022-12-04 03:02:39 +0000: Memory Usage (2136156K) : Executing rule NP.3bii
2022-12-04 03:02:39 +0000: Memory Usage (2136156K) : Executing rule NP.3ci
2022-12-04 03:02:40 +0000: Memory Usage (2136156K) : Executing rule NP.3cii
2022-12-04 03:02:40 +0000: Memory Usage (2136156K) : Executing rule NP.3d
2022-12-04 03:02:41 +0000: Memory Usage (2136984K) : Executing rule NP.3e
2022-12-04 03:02:41 +0000: Memory Usage (2136984K) : Executing rule NP.4a
2022-12-04 03:02:45 +0000: Memory Usage (2201292K) : Executing rule NP.4b
2022-12-04 03:02:45 +0000: Memory Usage (2201292K) : Executing rule NP.5a
2022-12-04 03:02:47 +0000: Memory Usage (2201292K) : Executing rule NP.5b
2022-12-04 03:02:49 +0000: Memory Usage (2209484K) : Executing rule NP.5ci
2022-12-04 03:02:50 +0000: Memory Usage (2209484K) : Executing rule NP.5cii
2022-12-04 03:02:50 +0000: Memory Usage (2209484K) : Executing rule NP.5di
2022-12-04 03:02:50 +0000: Memory Usage (2209484K) : Executing rule NP.5dii
2022-12-04 03:02:50 +0000: Memory Usage (2209484K) : Executing rule NP.6
2022-12-04 03:02:54 +0000: Memory Usage (2240496K) : Executing rule NP.7
2022-12-04 03:02:54 +0000: Memory Usage (2240496K) : Executing rule NP.8a
2022-12-04 03:02:55 +0000: Memory Usage (2240496K) : Executing rule NP.8b
2022-12-04 03:02:55 +0000: Memory Usage (2240496K) : Executing rule NP.9
2022-12-04 03:02:55 +0000: Memory Usage (2240496K) : Executing rule NP.10
2022-12-04 03:02:56 +0000: Memory Usage (2240496K) : Executing rule NP.11
2022-12-04 03:02:56 +0000: Memory Usage (2240496K) : Executing rule NP.12
2022-12-04 03:02:57 +0000: Memory Usage (2240496K) : Executing rule PP.1
2022-12-04 03:02:57 +0000: Memory Usage (2240496K) : Executing rule PP.2
2022-12-04 03:02:57 +0000: Memory Usage (2240496K) : Executing rule PP.3a
2022-12-04 03:02:58 +0000: Memory Usage (2252072K) : Executing rule PP.3bi
2022-12-04 03:02:58 +0000: Memory Usage (2252072K) : Executing rule PP.3bii
2022-12-04 03:02:59 +0000: Memory Usage (2258060K) : Executing rule PP.3ci
2022-12-04 03:02:59 +0000: Memory Usage (2261652K) : Executing rule PP.3cii
2022-12-04 03:02:59 +0000: Memory Usage (2261652K) : Executing rule PP.3d
2022-12-04 03:02:59 +0000: Memory Usage (2261652K) : Executing rule PP.3e
2022-12-04 03:02:59 +0000: Memory Usage (2261652K) : Executing rule PP.4a
2022-12-04 03:03:03 +0000: Memory Usage (2343976K) : Executing rule PP.4b
2022-12-04 03:03:03 +0000: Memory Usage (2343976K) : Executing rule PP.5a
2022-12-04 03:03:04 +0000: Memory Usage (2343976K) : Executing rule PP.5b
2022-12-04 03:03:05 +0000: Memory Usage (2344200K) : Executing rule PP.5ci
2022-12-04 03:03:05 +0000: Memory Usage (2344200K) : Executing rule PP.5cii
2022-12-04 03:03:06 +0000: Memory Usage (2352392K) : Executing rule PP.5di
2022-12-04 03:03:07 +0000: Memory Usage (2362568K) : Executing rule PP.5dii
2022-12-04 03:03:08 +0000: Memory Usage (2365356K) : Executing rule PP.6
2022-12-04 03:03:10 +0000: Memory Usage (2391812K) : Executing rule PP.7
2022-12-04 03:03:10 +0000: Memory Usage (2391812K) : Executing rule PP.8a
2022-12-04 03:03:11 +0000: Memory Usage (2391812K) : Executing rule PP.8b
2022-12-04 03:03:11 +0000: Memory Usage (2391812K) : Executing rule PP.9
2022-12-04 03:03:11 +0000: Memory Usage (2391812K) : Executing rule PP.10
2022-12-04 03:03:12 +0000: Memory Usage (2391812K) : Executing rule PP.11
2022-12-04 03:03:12 +0000: Memory Usage (2391812K) : Executing rule PP.12
2022-12-04 03:03:14 +0000: Memory Usage (2400452K) : Executing rule SB.1
2022-12-04 03:03:14 +0000: Memory Usage (2400452K) : Executing rule SB.2
2022-12-04 03:03:14 +0000: Memory Usage (2400452K) : Executing rule SB.3
2022-12-04 03:03:15 +0000: Memory Usage (2400452K) : Executing rule SB.4
2022-12-04 03:03:15 +0000: Memory Usage (2400452K) : Executing rule SB.5a
2022-12-04 03:03:17 +0000: Memory Usage (2509228K) : Executing rule SB.5b
2022-12-04 03:03:17 +0000: Memory Usage (2509228K) : Executing rule SB.6
2022-12-04 03:03:17 +0000: Memory Usage (2509228K) : Executing rule SB.7
2022-12-04 03:03:17 +0000: Memory Usage (2509228K) : Executing rule SB.8
2022-12-04 03:03:18 +0000: Memory Usage (2509228K) : Executing rule SB.9
2022-12-04 03:03:18 +0000: Memory Usage (2509228K) : Executing rule SB.10
2022-12-04 03:03:18 +0000: Memory Usage (2509228K) : Executing rule SB.11
2022-12-04 03:03:18 +0000: Memory Usage (2509228K) : Executing rule SB.12
2022-12-04 03:03:18 +0000: Memory Usage (2509228K) : Executing rule SB.13
2022-12-04 03:03:18 +0000: Memory Usage (2509228K) : Executing rule SB.14a
2022-12-04 03:03:19 +0000: Memory Usage (2509228K) : Executing rule SB.14b
2022-12-04 03:03:19 +0000: Memory Usage (2509228K) : Executing rule SB.15a
2022-12-04 03:03:21 +0000: Memory Usage (2566924K) : Executing rule SB.15b
2022-12-04 03:03:21 +0000: Memory Usage (2566924K) : Executing rule SB.16
2022-12-04 03:03:22 +0000: Memory Usage (2568436K) : Executing rule ESD.1
2022-12-04 03:03:22 +0000: Memory Usage (2568436K) : Executing rule ESD.2
2022-12-04 03:03:22 +0000: Memory Usage (2568436K) : Executing rule ESD.3a
2022-12-04 03:03:22 +0000: Memory Usage (2568436K) : Executing rule ESD.3b
2022-12-04 03:03:22 +0000: Memory Usage (2568436K) : Executing rule ESD.4a
2022-12-04 03:03:22 +0000: Memory Usage (2568436K) : Executing rule ESD.4b
2022-12-04 03:03:23 +0000: Memory Usage (2568436K) : Executing rule ESD.5a
2022-12-04 03:03:23 +0000: Memory Usage (2568436K) : Executing rule ESD.5b
2022-12-04 03:03:23 +0000: Memory Usage (2568436K) : Executing rule ESD.6
2022-12-04 03:03:25 +0000: Memory Usage (2594248K) : Executing rule ESD.7
2022-12-04 03:03:25 +0000: Memory Usage (2594248K) : Executing rule ESD.8
2022-12-04 03:03:25 +0000: Memory Usage (2594248K) : Executing rule ESD.pl
2022-12-04 03:03:25 +0000: Memory Usage (2594248K) : Executing rule ESD.9
2022-12-04 03:03:25 +0000: Memory Usage (2594248K) : Executing rule ESD.10
2022-12-04 03:03:26 +0000: Memory Usage (2594248K) : Executing rule CO.1
2022-12-04 03:03:28 +0000: Memory Usage (2701216K) : Executing rule CO.2a
2022-12-04 03:03:39 +0000: Memory Usage (2852644K) : Executing rule CO.2b
2022-12-04 03:03:39 +0000: Memory Usage (2852644K) : Executing rule CO.3
2022-12-04 03:03:43 +0000: Memory Usage (3081704K) : Executing rule CO.4
2022-12-04 03:03:50 +0000: Memory Usage (3331108K) : Executing rule CO.5a
2022-12-04 03:03:52 +0000: Memory Usage (3331108K) : Executing rule CO.5b
2022-12-04 03:03:52 +0000: Memory Usage (3331108K) : Executing rule CO.6
2022-12-04 03:05:15 +0000: Memory Usage (3428252K) : Executing rule CO.6a
2022-12-04 03:07:10 +0000: Memory Usage (4207488K) : Executing rule CO.6b
2022-12-04 03:07:14 +0000: Memory Usage (4291588K) : Executing rule CO.7
2022-12-04 03:07:18 +0000: Memory Usage (4325252K) : Executing rule CO.8
2022-12-04 03:07:20 +0000: Memory Usage (4325252K) : Executing rule CO.9
2022-12-04 03:07:21 +0000: Memory Usage (4325252K) : Executing rule CO.10
2022-12-04 03:07:21 +0000: Memory Usage (4325252K) : Executing rule CO.11
2022-12-04 03:07:26 +0000: Memory Usage (4376688K) : Executing rule MC.1
2022-12-04 03:07:26 +0000: Memory Usage (4376688K) : Executing rule MC.2
2022-12-04 03:07:26 +0000: Memory Usage (4376688K) : Executing rule MC.3
2022-12-04 03:07:26 +0000: Memory Usage (4376688K) : Executing rule MC.4
2022-12-04 03:07:27 +0000: Memory Usage (4376688K) : Executing rule PRES.1
2022-12-04 03:07:27 +0000: Memory Usage (4376688K) : Executing rule PRES.2
2022-12-04 03:07:27 +0000: Memory Usage (4376688K) : Executing rule PRES.3
2022-12-04 03:07:27 +0000: Memory Usage (4376688K) : Executing rule PRES.4
2022-12-04 03:07:27 +0000: Memory Usage (4376688K) : Executing rule PRES.5
2022-12-04 03:07:28 +0000: Memory Usage (4376688K) : Executing rule PRES.6
2022-12-04 03:07:28 +0000: Memory Usage (4376688K) : Executing rule PRES.7
2022-12-04 03:07:28 +0000: Memory Usage (4376688K) : Executing rule PRES.9a
2022-12-04 03:07:28 +0000: Memory Usage (4376688K) : Executing rule PRES.9b
2022-12-04 03:07:29 +0000: Memory Usage (4376688K) : Executing rule LRES.1
2022-12-04 03:07:29 +0000: Memory Usage (4376688K) : Executing rule LRES.2
2022-12-04 03:07:29 +0000: Memory Usage (4376688K) : Executing rule LRES.3
2022-12-04 03:07:29 +0000: Memory Usage (4376688K) : Executing rule LRES.4
2022-12-04 03:07:29 +0000: Memory Usage (4376688K) : Executing rule LRES.5
2022-12-04 03:07:30 +0000: Memory Usage (4376688K) : Executing rule LRES.6
2022-12-04 03:07:30 +0000: Memory Usage (4376688K) : Executing rule LRES.7
2022-12-04 03:07:31 +0000: Memory Usage (4376688K) : Executing rule LRES.9a
2022-12-04 03:07:31 +0000: Memory Usage (4376688K) : Executing rule LRES.9b
2022-12-04 03:07:33 +0000: Memory Usage (4376688K) : Executing rule HRES.1
2022-12-04 03:07:33 +0000: Memory Usage (4376688K) : Executing rule HRES.2
2022-12-04 03:07:33 +0000: Memory Usage (4376688K) : Executing rule HRES.3
2022-12-04 03:07:33 +0000: Memory Usage (4376688K) : Executing rule HRES.4
2022-12-04 03:07:34 +0000: Memory Usage (4376688K) : Executing rule HRES.5
2022-12-04 03:07:34 +0000: Memory Usage (4376688K) : Executing rule HRES.6
2022-12-04 03:07:35 +0000: Memory Usage (4376688K) : Executing rule HRES.7
2022-12-04 03:07:35 +0000: Memory Usage (4376688K) : Executing rule HRES.8
2022-12-04 03:07:35 +0000: Memory Usage (4376688K) : Executing rule HRES.9
2022-12-04 03:07:36 +0000: Memory Usage (4376688K) : Executing rule HRES.10
2022-12-04 03:07:36 +0000: Memory Usage (4376688K) : Executing rule HRES.12a
2022-12-04 03:07:36 +0000: Memory Usage (4376688K) : Executing rule HRES.12b
2022-12-04 03:07:36 +0000: Memory Usage (4376688K) : MIM Capacitor Option B section
2022-12-04 03:07:37 +0000: Memory Usage (4376688K) : Executing rule MIMTM.1
2022-12-04 03:07:37 +0000: Memory Usage (4376688K) : Executing rule MIMTM.2
2022-12-04 03:07:37 +0000: Memory Usage (4376688K) : Executing rule MIMTM.3
2022-12-04 03:07:37 +0000: Memory Usage (4376688K) : Executing rule MIMTM.4
2022-12-04 03:07:37 +0000: Memory Usage (4376688K) : Executing rule MIMTM.5
2022-12-04 03:07:38 +0000: Memory Usage (4376688K) : Executing rule MIMTM.6
2022-12-04 03:07:38 +0000: Memory Usage (4376688K) : Executing rule MIMTM.7
2022-12-04 03:07:38 +0000: Memory Usage (4376688K) : Executing rule MIMTM.8a
2022-12-04 03:07:38 +0000: Memory Usage (4376688K) : Executing rule MIMTM.8b
2022-12-04 03:07:38 +0000: Memory Usage (4376688K) : Executing rule MIMTM.9
2022-12-04 03:07:38 +0000: Memory Usage (4376688K) : Executing rule MIMTM.10
2022-12-04 03:07:38 +0000: Memory Usage (4376688K) : Executing rule MIMTM.11
2022-12-04 03:07:38 +0000: Memory Usage (4376688K) : Executing rule NAT.1
2022-12-04 03:07:39 +0000: Memory Usage (4376688K) : Executing rule NAT.2
2022-12-04 03:07:39 +0000: Memory Usage (4376688K) : Executing rule NAT.3
2022-12-04 03:07:39 +0000: Memory Usage (4376688K) : Executing rule NAT.4
2022-12-04 03:07:40 +0000: Memory Usage (4376688K) : Executing rule NAT.5
2022-12-04 03:07:41 +0000: Memory Usage (4376688K) : CONNECTIVITY_RULES section
2022-12-04 03:07:42 +0000: Memory Usage (4376688K) : Executing rule NAT.6
2022-12-04 03:07:42 +0000: Memory Usage (4376688K) : Executing rule NAT.7
2022-12-04 03:07:42 +0000: Memory Usage (4376688K) : Executing rule NAT.8
2022-12-04 03:07:42 +0000: Memory Usage (4376688K) : Executing rule NAT.9
2022-12-04 03:07:42 +0000: Memory Usage (4376688K) : Executing rule NAT.10
2022-12-04 03:07:42 +0000: Memory Usage (4376688K) : Executing rule NAT.11
2022-12-04 03:07:43 +0000: Memory Usage (4376688K) : Executing rule NAT.12
2022-12-04 03:07:43 +0000: Memory Usage (4376688K) : Executing rule BJT.1
2022-12-04 03:07:43 +0000: Memory Usage (4376688K) : Executing rule BJT.2
2022-12-04 03:07:43 +0000: Memory Usage (4399580K) : Executing rule BJT.3
2022-12-04 03:07:44 +0000: Memory Usage (4399580K) : Executing rule DE.2
2022-12-04 03:07:44 +0000: Memory Usage (4399580K) : Executing rule DE.3
2022-12-04 03:07:44 +0000: Memory Usage (4399580K) : Executing rule DE.4
2022-12-04 03:07:44 +0000: Memory Usage (4405584K) : Executing rule LVS_BJT.1
2022-12-04 03:07:44 +0000: Memory Usage (4405584K) : Executing rule O.DF.3a
2022-12-04 03:07:45 +0000: Memory Usage (4405584K) : Executing rule O.DF.6
2022-12-04 03:07:45 +0000: Memory Usage (4405584K) : Executing rule O.DF.9
2022-12-04 03:07:45 +0000: Memory Usage (4405584K) : Executing rule O.PL.2
2022-12-04 03:07:47 +0000: Memory Usage (4425800K) : Executing rule O.PL.3a
2022-12-04 03:07:48 +0000: Memory Usage (4491668K) : Executing rule O.PL.4
2022-12-04 03:07:48 +0000: Memory Usage (4491668K) : Executing rule O.SB.2
2022-12-04 03:07:49 +0000: Memory Usage (4491668K) : Executing rule O.SB.3
2022-12-04 03:07:49 +0000: Memory Usage (4491668K) : Executing rule O.SB.4
2022-12-04 03:07:49 +0000: Memory Usage (4491668K) : Executing rule O.SB.5b_3.3V
2022-12-04 03:07:49 +0000: Memory Usage (4491668K) : Executing rule O.SB.9
2022-12-04 03:07:49 +0000: Memory Usage (4491668K) : Executing rule O.SB.11
2022-12-04 03:07:49 +0000: Memory Usage (4491668K) : Executing rule O.SB.13_3.3V
2022-12-04 03:07:50 +0000: Memory Usage (4491668K) : Executing rule O.SB.13_5V
2022-12-04 03:07:50 +0000: Memory Usage (4491668K) : Executing rule O.CO.7
2022-12-04 03:07:53 +0000: Memory Usage (4676852K) : Executing rule O.PL.ORT
2022-12-04 03:07:57 +0000: Memory Usage (4676852K) : Executing rule EF.01
2022-12-04 03:07:57 +0000: Memory Usage (4676852K) : Executing rule EF.02
2022-12-04 03:07:57 +0000: Memory Usage (4676852K) : Executing rule EF.03
2022-12-04 03:07:58 +0000: Memory Usage (4676852K) : Executing rule EF.04a
2022-12-04 03:07:58 +0000: Memory Usage (4676852K) : Executing rule EF.04b
2022-12-04 03:07:58 +0000: Memory Usage (4676852K) : Executing rule EF.04c
2022-12-04 03:07:58 +0000: Memory Usage (4676852K) : Executing rule EF.04d
2022-12-04 03:07:59 +0000: Memory Usage (4676852K) : Executing rule EF.05
2022-12-04 03:07:59 +0000: Memory Usage (4676852K) : Executing rule EF.06
2022-12-04 03:07:59 +0000: Memory Usage (4676852K) : Executing rule EF.07
2022-12-04 03:07:59 +0000: Memory Usage (4676852K) : Executing rule EF.08
2022-12-04 03:07:59 +0000: Memory Usage (4676852K) : Executing rule EF.09
2022-12-04 03:07:59 +0000: Memory Usage (4676852K) : Executing rule EF.10
2022-12-04 03:08:00 +0000: Memory Usage (4676852K) : Executing rule EF.11
2022-12-04 03:08:00 +0000: Memory Usage (4676852K) : Executing rule EF.12
2022-12-04 03:08:00 +0000: Memory Usage (4676852K) : Executing rule EF.13
2022-12-04 03:08:00 +0000: Memory Usage (4676852K) : Executing rule EF.14
2022-12-04 03:08:00 +0000: Memory Usage (4676852K) : Executing rule EF.15
2022-12-04 03:08:00 +0000: Memory Usage (4676852K) : Executing rule EF.16a
2022-12-04 03:08:00 +0000: Memory Usage (4676852K) : Executing rule EF.16b
2022-12-04 03:08:01 +0000: Memory Usage (4676852K) : Executing rule EF.17
2022-12-04 03:08:01 +0000: Memory Usage (4676852K) : Executing rule EF.18
2022-12-04 03:08:04 +0000: Memory Usage (4781920K) : Executing rule EF.19
2022-12-04 03:08:05 +0000: Memory Usage (4781920K) : Executing rule EF.20
2022-12-04 03:08:06 +0000: Memory Usage (4781920K) : Executing rule EF.21
2022-12-04 03:08:06 +0000: Memory Usage (4781920K) : Executing rule EF.22a
2022-12-04 03:08:06 +0000: Memory Usage (4781920K) : Executing rule EF.22b
2022-12-04 03:08:07 +0000: Memory Usage (4781920K) : Executing rule MDN.1
2022-12-04 03:08:07 +0000: Memory Usage (4781920K) : CONNECTIVITY_RULES section
2022-12-04 03:08:07 +0000: Memory Usage (4781920K) : Executing rule MDN.2a
2022-12-04 03:08:07 +0000: Memory Usage (4781920K) : Executing rule MDN.2b
2022-12-04 03:08:08 +0000: Memory Usage (4781920K) : Executing rule MDN.3a
2022-12-04 03:08:08 +0000: Memory Usage (4781920K) : Executing rule MDN.3b
2022-12-04 03:08:08 +0000: Memory Usage (4781920K) : Executing rule MDN.4a
2022-12-04 03:08:08 +0000: Memory Usage (4781920K) : Executing rule MDN.4b
2022-12-04 03:08:09 +0000: Memory Usage (4781920K) : Executing rule MDN.5ai
2022-12-04 03:08:09 +0000: Memory Usage (4781920K) : Executing rule MDN.5aii
2022-12-04 03:08:09 +0000: Memory Usage (4781920K) : Executing rule MDN.5b
2022-12-04 03:08:09 +0000: Memory Usage (4781920K) : Executing rule MDN.5c
2022-12-04 03:08:09 +0000: Memory Usage (4781920K) : Executing rule MDN.6
2022-12-04 03:08:10 +0000: Memory Usage (4781920K) : Executing rule MDN.6a
2022-12-04 03:08:11 +0000: Memory Usage (4781920K) : Executing rule MDN.7
2022-12-04 03:08:11 +0000: Memory Usage (4781920K) : Executing rule MDN.7a
2022-12-04 03:08:11 +0000: Memory Usage (4781920K) : CONNECTIVITY_RULES section
2022-12-04 03:08:11 +0000: Memory Usage (4781920K) : Executing rule MDN.8a
2022-12-04 03:08:11 +0000: Memory Usage (4781920K) : Executing rule MDN.8b
2022-12-04 03:08:11 +0000: Memory Usage (4781920K) : Executing rule MDN.9
2022-12-04 03:08:12 +0000: Memory Usage (4801036K) : Executing rule MDN.10a
2022-12-04 03:08:13 +0000: Memory Usage (4801036K) : Executing rule MDN.10b
2022-12-04 03:08:14 +0000: Memory Usage (4801036K) : Executing rule MDN.10c
2022-12-04 03:08:16 +0000: Memory Usage (4834196K) : Executing rule MDN.10d
2022-12-04 03:08:16 +0000: Memory Usage (4834196K) : Executing rule MDN.10ei
2022-12-04 03:08:17 +0000: Memory Usage (4837232K) : Executing rule MDN.10eii
2022-12-04 03:08:17 +0000: Memory Usage (4837232K) : Executing rule MDN.10f
2022-12-04 03:08:18 +0000: Memory Usage (4900048K) : Executing rule MDN.11
2022-12-04 03:08:19 +0000: Memory Usage (4912952K) : Executing rule MDN.12
2022-12-04 03:08:20 +0000: Memory Usage (4912952K) : Executing rule MDN.13a
2022-12-04 03:08:21 +0000: Memory Usage (4917496K) : Executing rule MDN.13b
2022-12-04 03:08:21 +0000: Memory Usage (4917496K) : Executing rule MDN.13c
2022-12-04 03:08:23 +0000: Memory Usage (4960940K) : Executing rule MDN.13d
2022-12-04 03:08:23 +0000: Memory Usage (4960940K) : Executing rule MDN.14
2022-12-04 03:08:24 +0000: Memory Usage (4960940K) : Executing rule MDN.15a
2022-12-04 03:08:24 +0000: Memory Usage (4960940K) : Executing rule MDN.15b
2022-12-04 03:08:25 +0000: Memory Usage (4965484K) : Executing rule MDN.17
2022-12-04 03:08:26 +0000: Memory Usage (4968016K) : Executing rule MDP.1
2022-12-04 03:08:27 +0000: Memory Usage (5011528K) : Executing rule MDP.1a
2022-12-04 03:10:42 +0000: Memory Usage (5597352K) : Executing rule MDP.2
2022-12-04 03:10:43 +0000: Memory Usage (5621852K) : Executing rule MDP.3
2022-12-04 03:10:43 +0000: Memory Usage (5621852K) : Executing rule MDP.3ai
2022-12-04 03:10:43 +0000: Memory Usage (5621852K) : Executing rule MDP.3aii
2022-12-04 03:10:44 +0000: Memory Usage (5621852K) : Executing rule MDP.3b
2022-12-04 03:10:44 +0000: Memory Usage (5621852K) : Executing rule MDP.3c
2022-12-04 03:10:44 +0000: Memory Usage (5621852K) : Executing rule MDP.3d
2022-12-04 03:10:44 +0000: Memory Usage (5621852K) : Executing rule MDP.4
2022-12-04 03:10:53 +0000: Memory Usage (5646120K) : Executing rule MDP.4a
2022-12-04 03:10:54 +0000: Memory Usage (5646120K) : Executing rule MDP.4b
2022-12-04 03:10:54 +0000: Memory Usage (5646120K) : Executing rule MDP.5
2022-12-04 03:10:55 +0000: Memory Usage (5651028K) : Executing rule MDP.5a
2022-12-04 03:10:55 +0000: Memory Usage (5651028K) : Executing rule MDP.6
2022-12-04 03:10:55 +0000: Memory Usage (5651028K) : Executing rule MDP.6a
2022-12-04 03:10:56 +0000: Memory Usage (5651028K) : Executing rule MDP.7
2022-12-04 03:10:56 +0000: Memory Usage (5651028K) : Executing rule MDP.8
2022-12-04 03:10:56 +0000: Memory Usage (5651028K) : Executing rule MDP.9a
2022-12-04 03:10:56 +0000: Memory Usage (5651028K) : Executing rule MDP.9b
2022-12-04 03:10:57 +0000: Memory Usage (5651028K) : Executing rule MDP.9c
2022-12-04 03:10:58 +0000: Memory Usage (5698644K) : Executing rule MDP.9d
2022-12-04 03:11:02 +0000: Memory Usage (5771332K) : Executing rule MDP.9ei
2022-12-04 03:11:04 +0000: Memory Usage (5801116K) : Executing rule MDP.9eii
2022-12-04 03:11:04 +0000: Memory Usage (5801116K) : Executing rule MDP.9f
2022-12-04 03:11:05 +0000: Memory Usage (5824208K) : Executing rule MDP.10
2022-12-04 03:11:06 +0000: Memory Usage (5824208K) : CONNECTIVITY_RULES section
2022-12-04 03:11:06 +0000: Memory Usage (5824208K) : Executing rule MDP.10a
2022-12-04 03:11:06 +0000: Memory Usage (5824208K) : Executing rule MDP.10b
2022-12-04 03:11:06 +0000: Memory Usage (5824208K) : Executing rule MDP.11
2022-12-04 03:11:07 +0000: Memory Usage (5824208K) : Executing rule MDP.12
2022-12-04 03:11:07 +0000: Memory Usage (5847048K) : Executing rule MDP.13a
2022-12-04 03:11:08 +0000: Memory Usage (5872520K) : Executing rule MDP.13b
2022-12-04 03:11:09 +0000: Memory Usage (5872520K) : Executing rule MDP.13c
2022-12-04 03:11:09 +0000: Memory Usage (5899300K) : Executing rule MDP.15
2022-12-04 03:11:10 +0000: Memory Usage (5899300K) : Executing rule MDP.16a
2022-12-04 03:11:10 +0000: Memory Usage (5899300K) : Executing rule MDP.16b
2022-12-04 03:11:10 +0000: Memory Usage (5899300K) : Executing rule MDP.17a
2022-12-04 03:11:10 +0000: Memory Usage (5899300K) : Executing rule MDP.17c
2022-12-04 03:11:11 +0000: Memory Usage (5899300K) : Executing rule Y.NW.2b_3.3V
2022-12-04 03:11:11 +0000: Memory Usage (5899300K) : Executing rule Y.NW.2b_5V
2022-12-04 03:11:11 +0000: Memory Usage (5899300K) : Executing rule Y.DF.6_5V
2022-12-04 03:11:11 +0000: Memory Usage (5899300K) : Executing rule Y.DF.16_3.3V
2022-12-04 03:11:12 +0000: Memory Usage (5899300K) : Executing rule Y.DF.16_5V
2022-12-04 03:11:12 +0000: Memory Usage (5899300K) : Executing rule Y.PL.1_3.3V
2022-12-04 03:11:12 +0000: Memory Usage (5899300K) : Executing rule Y.PL.1_5V
2022-12-04 03:11:12 +0000: Memory Usage (5899300K) : Executing rule Y.PL.2_3.3V
2022-12-04 03:11:14 +0000: Memory Usage (5922580K) : Executing rule Y.PL.2_5V
2022-12-04 03:11:16 +0000: Memory Usage (5942508K) : Executing rule Y.PL.4_5V
2022-12-04 03:11:16 +0000: Memory Usage (5942508K) : Executing rule Y.PL.5a_3.3V
2022-12-04 03:11:16 +0000: Memory Usage (5942508K) : Executing rule Y.PL.5a_5V
2022-12-04 03:11:17 +0000: Memory Usage (5942508K) : Executing rule Y.PL.5b_3.3V
2022-12-04 03:11:17 +0000: Memory Usage (5942508K) : Executing rule Y.PL.5b_5V
2022-12-04 03:11:17 +0000: Memory Usage (5942508K) : Executing rule S.DF.4c_MV
2022-12-04 03:11:17 +0000: Memory Usage (5942508K) : Executing rule S.DF.6_MV
2022-12-04 03:11:17 +0000: Memory Usage (5942508K) : Executing rule S.DF.7_MV
2022-12-04 03:11:18 +0000: Memory Usage (5942508K) : Executing rule S.DF.8_MV
2022-12-04 03:11:18 +0000: Memory Usage (5942508K) : Executing rule S.DF.16_MV
2022-12-04 03:11:19 +0000: Memory Usage (5966112K) : Executing rule S.PL.5a_MV
2022-12-04 03:11:19 +0000: Memory Usage (5966112K) : Executing rule S.PL.5b_MV
2022-12-04 03:11:19 +0000: Memory Usage (5966112K) : Executing rule S.CO.4_MV
2022-12-04 03:11:19 +0000: Memory Usage (5966112K) : Executing rule S.DF.4c_LV
2022-12-04 03:11:20 +0000: Memory Usage (5966112K) : Executing rule S.DF.16_LV
2022-12-04 03:11:20 +0000: Memory Usage (5988680K) : Executing rule S.CO.3_LV
2022-12-04 03:11:20 +0000: Memory Usage (5988680K) : Executing rule S.CO.4_LV
2022-12-04 03:11:21 +0000: Memory Usage (5988680K) : Executing rule S.CO.6_ii_LV
2022-12-04 03:11:21 +0000: Memory Usage (5988680K) : Executing rule S.M1.1_LV
2022-12-04 03:11:21 +0000: Memory Usage (5988680K) : OFFGRID-ANGLES section
2022-12-04 03:11:21 +0000: Memory Usage (5988680K) : Executing rule comp_OFFGRID
2022-12-04 03:11:22 +0000: Memory Usage (5988680K) : Executing rule dnwell_OFFGRID
2022-12-04 03:11:22 +0000: Memory Usage (5988680K) : Executing rule nwell_OFFGRID
2022-12-04 03:11:22 +0000: Memory Usage (5988680K) : Executing rule lvpwell_OFFGRID
2022-12-04 03:11:22 +0000: Memory Usage (5988680K) : Executing rule dualgate_OFFGRID
2022-12-04 03:11:22 +0000: Memory Usage (5988680K) : Executing rule poly2_OFFGRID
2022-12-04 03:11:23 +0000: Memory Usage (5988680K) : Executing rule nplus_OFFGRID
2022-12-04 03:11:23 +0000: Memory Usage (5988680K) : Executing rule pplus_OFFGRID
2022-12-04 03:11:23 +0000: Memory Usage (5988680K) : Executing rule sab_OFFGRID
2022-12-04 03:11:23 +0000: Memory Usage (5988680K) : Executing rule esd_OFFGRID
2022-12-04 03:11:23 +0000: Memory Usage (5988680K) : Executing rule contact_OFFGRID
2022-12-04 03:11:24 +0000: Memory Usage (5988680K) : Executing rule metal1_OFFGRID
2022-12-04 03:11:24 +0000: Memory Usage (5988680K) : Executing rule via1_OFFGRID
2022-12-04 03:11:24 +0000: Memory Usage (5988680K) : Executing rule metal2_OFFGRID
2022-12-04 03:11:24 +0000: Memory Usage (5988680K) : Executing rule via2_OFFGRID
2022-12-04 03:11:25 +0000: Memory Usage (5988680K) : Executing rule metal3_OFFGRID
2022-12-04 03:11:25 +0000: Memory Usage (5988680K) : Executing rule via3_OFFGRID
2022-12-04 03:11:25 +0000: Memory Usage (5988680K) : Executing rule metal4_OFFGRID
2022-12-04 03:11:26 +0000: Memory Usage (5988680K) : Executing rule via4_OFFGRID
2022-12-04 03:11:26 +0000: Memory Usage (5988680K) : Executing rule metal5_OFFGRID
2022-12-04 03:11:26 +0000: Memory Usage (5988680K) : Executing rule via5_OFFGRID
2022-12-04 03:11:26 +0000: Memory Usage (5988680K) : Executing rule metaltop_OFFGRID
2022-12-04 03:11:26 +0000: Memory Usage (5988680K) : Executing rule pad_OFFGRID
2022-12-04 03:11:27 +0000: Memory Usage (5988680K) : Executing rule resistor_OFFGRID
2022-12-04 03:11:27 +0000: Memory Usage (5988680K) : Executing rule fhres_OFFGRID
2022-12-04 03:11:27 +0000: Memory Usage (5988680K) : Executing rule fusetop_OFFGRID
2022-12-04 03:11:27 +0000: Memory Usage (5988680K) : Executing rule fusewindow_d_OFFGRID
2022-12-04 03:11:27 +0000: Memory Usage (5988680K) : Executing rule polyfuse_OFFGRID
2022-12-04 03:11:27 +0000: Memory Usage (5988680K) : Executing rule mvsd_OFFGRID
2022-12-04 03:11:28 +0000: Memory Usage (5988680K) : Executing rule mvpsd_OFFGRID
2022-12-04 03:11:28 +0000: Memory Usage (5988680K) : Executing rule nat_OFFGRID
2022-12-04 03:11:28 +0000: Memory Usage (5988680K) : Executing rule comp_dummy_OFFGRID
2022-12-04 03:11:28 +0000: Memory Usage (5988680K) : Executing rule poly2_dummy_OFFGRID
2022-12-04 03:11:28 +0000: Memory Usage (5988680K) : Executing rule metal1_dummy_OFFGRID
2022-12-04 03:11:29 +0000: Memory Usage (5988680K) : Executing rule metal2_dummy_OFFGRID
2022-12-04 03:11:29 +0000: Memory Usage (5988680K) : Executing rule metal3_dummy_OFFGRID
2022-12-04 03:11:29 +0000: Memory Usage (5988680K) : Executing rule metal4_dummy_OFFGRID
2022-12-04 03:11:29 +0000: Memory Usage (5988680K) : Executing rule metal5_dummy_OFFGRID
2022-12-04 03:11:29 +0000: Memory Usage (5988680K) : Executing rule metaltop_dummy_OFFGRID
2022-12-04 03:11:29 +0000: Memory Usage (5988680K) : Executing rule comp_label_OFFGRID
2022-12-04 03:11:30 +0000: Memory Usage (5988680K) : Executing rule poly2_label_OFFGRID
2022-12-04 03:11:30 +0000: Memory Usage (5988680K) : Executing rule metal1_label_OFFGRID
2022-12-04 03:11:30 +0000: Memory Usage (5988680K) : Executing rule metal2_label_OFFGRID
2022-12-04 03:11:30 +0000: Memory Usage (5988680K) : Executing rule metal3_label_OFFGRID
2022-12-04 03:11:30 +0000: Memory Usage (5988680K) : Executing rule metal4_label_OFFGRID
2022-12-04 03:11:31 +0000: Memory Usage (5988680K) : Executing rule metal5_label_OFFGRID
2022-12-04 03:11:31 +0000: Memory Usage (5988680K) : Executing rule metaltop_label_OFFGRID
2022-12-04 03:11:31 +0000: Memory Usage (5988680K) : Executing rule metal1_slot_OFFGRID
2022-12-04 03:11:31 +0000: Memory Usage (5988680K) : Executing rule metal2_slot_OFFGRID
2022-12-04 03:11:31 +0000: Memory Usage (5988680K) : Executing rule metal3_slot_OFFGRID
2022-12-04 03:11:32 +0000: Memory Usage (5988680K) : Executing rule metal4_slot_OFFGRID
2022-12-04 03:11:32 +0000: Memory Usage (5988680K) : Executing rule metal5_slot_OFFGRID
2022-12-04 03:11:32 +0000: Memory Usage (5988680K) : Executing rule metaltop_slot_OFFGRID
2022-12-04 03:11:32 +0000: Memory Usage (5988680K) : Executing rule ubmpperi_OFFGRID
2022-12-04 03:11:32 +0000: Memory Usage (5988680K) : Executing rule ubmparray_OFFGRID
2022-12-04 03:11:32 +0000: Memory Usage (5988680K) : Executing rule ubmeplate_OFFGRID
2022-12-04 03:11:33 +0000: Memory Usage (5988680K) : Executing rule schottky_diode_OFFGRID
2022-12-04 03:11:33 +0000: Memory Usage (5988680K) : Executing rule zener_OFFGRID
2022-12-04 03:11:33 +0000: Memory Usage (5988680K) : Executing rule res_mk_OFFGRID
2022-12-04 03:11:33 +0000: Memory Usage (5988680K) : Executing rule opc_drc_OFFGRID
2022-12-04 03:11:33 +0000: Memory Usage (5988680K) : Executing rule ndmy_OFFGRID
2022-12-04 03:11:34 +0000: Memory Usage (5988680K) : Executing rule pmndmy_OFFGRID
2022-12-04 03:11:34 +0000: Memory Usage (5988680K) : Executing rule v5_xtor_OFFGRID
2022-12-04 03:11:34 +0000: Memory Usage (5988680K) : Executing rule cap_mk_OFFGRID
2022-12-04 03:11:34 +0000: Memory Usage (5988680K) : Executing rule mos_cap_mk_OFFGRID
2022-12-04 03:11:34 +0000: Memory Usage (5988680K) : Executing rule ind_mk_OFFGRID
2022-12-04 03:11:34 +0000: Memory Usage (5988680K) : Executing rule diode_mk_OFFGRID
2022-12-04 03:11:35 +0000: Memory Usage (5988680K) : Executing rule drc_bjt_OFFGRID
2022-12-04 03:11:35 +0000: Memory Usage (5988680K) : Executing rule lvs_bjt_OFFGRID
2022-12-04 03:11:35 +0000: Memory Usage (5988680K) : Executing rule mim_l_mk_OFFGRID
2022-12-04 03:11:35 +0000: Memory Usage (5988680K) : Executing rule latchup_mk_OFFGRID
2022-12-04 03:11:35 +0000: Memory Usage (5988680K) : Executing rule guard_ring_mk_OFFGRID
2022-12-04 03:11:36 +0000: Memory Usage (5988680K) : Executing rule otp_mk_OFFGRID
2022-12-04 03:11:36 +0000: Memory Usage (5988680K) : Executing rule mtpmark_OFFGRID
2022-12-04 03:11:36 +0000: Memory Usage (5988680K) : Executing rule neo_ee_mk_OFFGRID
2022-12-04 03:11:36 +0000: Memory Usage (5988680K) : Executing rule sramcore_OFFGRID
2022-12-04 03:11:36 +0000: Memory Usage (5988680K) : Executing rule lvs_rf_OFFGRID
2022-12-04 03:11:36 +0000: Memory Usage (5988680K) : Executing rule lvs_drain_OFFGRID
2022-12-04 03:11:37 +0000: Memory Usage (5988680K) : Executing rule hvpolyrs_OFFGRID
2022-12-04 03:11:37 +0000: Memory Usage (5988680K) : Executing rule lvs_io_OFFGRID
2022-12-04 03:11:37 +0000: Memory Usage (5988680K) : Executing rule probe_mk_OFFGRID
2022-12-04 03:11:37 +0000: Memory Usage (5988680K) : Executing rule esd_mk_OFFGRID
2022-12-04 03:11:37 +0000: Memory Usage (5988680K) : Executing rule lvs_source_OFFGRID
2022-12-04 03:11:38 +0000: Memory Usage (5988680K) : Executing rule well_diode_mk_OFFGRID
2022-12-04 03:11:38 +0000: Memory Usage (5988680K) : Executing rule ldmos_xtor_OFFGRID
2022-12-04 03:11:38 +0000: Memory Usage (5988680K) : Executing rule plfuse_OFFGRID
2022-12-04 03:11:38 +0000: Memory Usage (5988680K) : Executing rule efuse_mk_OFFGRID
2022-12-04 03:11:38 +0000: Memory Usage (5988680K) : Executing rule mcell_feol_mk_OFFGRID
2022-12-04 03:11:38 +0000: Memory Usage (5988680K) : Executing rule ymtp_mk_OFFGRID
2022-12-04 03:11:39 +0000: Memory Usage (5988680K) : Executing rule dev_wf_mk_OFFGRID
2022-12-04 03:11:39 +0000: Memory Usage (5988680K) : Executing rule metal1_blk_OFFGRID
2022-12-04 03:11:39 +0000: Memory Usage (5988680K) : Executing rule metal2_blk_OFFGRID
2022-12-04 03:11:39 +0000: Memory Usage (5988680K) : Executing rule metal3_blk_OFFGRID
2022-12-04 03:11:39 +0000: Memory Usage (5988680K) : Executing rule metal4_blk_OFFGRID
2022-12-04 03:11:40 +0000: Memory Usage (5988680K) : Executing rule metal5_blk_OFFGRID
2022-12-04 03:11:40 +0000: Memory Usage (5988680K) : Executing rule metalt_blk_OFFGRID
2022-12-04 03:11:40 +0000: Memory Usage (5988680K) : Executing rule pr_bndry_OFFGRID
2022-12-04 03:11:40 +0000: Memory Usage (5988680K) : Executing rule mdiode_OFFGRID
2022-12-04 03:11:40 +0000: Memory Usage (5988680K) : Executing rule metal1_res_OFFGRID
2022-12-04 03:11:40 +0000: Memory Usage (5988680K) : Executing rule metal2_res_OFFGRID
2022-12-04 03:11:41 +0000: Memory Usage (5988680K) : Executing rule metal3_res_OFFGRID
2022-12-04 03:11:41 +0000: Memory Usage (5988680K) : Executing rule metal4_res_OFFGRID
2022-12-04 03:11:41 +0000: Memory Usage (5988680K) : Executing rule metal5_res_OFFGRID
2022-12-04 03:11:41 +0000: Memory Usage (5988680K) : Executing rule metal6_res_OFFGRID
2022-12-04 03:11:41 +0000: Memory Usage (5988680K) : Executing rule border_OFFGRID
VmPeak:	 6126584 kB
VmHWM:	 5051900 kB
2022-12-04 03:11:42 +0000: Memory Usage (5988680K) : DRC Total Run time 654.099510 seconds
