2022-12-04 02:36:35 +0000: Memory Usage (540956K) : Starting running GF180MCU Klayout DRC runset on /home/ivan/Documentos/global_foundries/gf180-demo/caravel_user_project/gds/user_project_wrapper.gds
2022-12-04 02:36:35 +0000: Memory Usage (540956K) : Ruby Version for klayout: 2.0.0
2022-12-04 02:36:35 +0000: Memory Usage (554580K) : Loading database to memory is complete.
2022-12-04 02:36:35 +0000: Memory Usage (554580K) : GF180MCU Klayout DRC runset output at: /home/ivan/Documentos/global_foundries/gf180-demo/caravel_user_project/precheck_results/04_DEC_2022___02_35_10/outputs/reports/klayout_feol_check.xml
2022-12-04 02:36:35 +0000: Memory Usage (554580K) : Number of threads to use 4
2022-12-04 02:36:35 +0000: Memory Usage (554580K) : flat  mode is enabled.
2022-12-04 02:36:35 +0000: Memory Usage (554580K) : Read in polygons from layers.
2022-12-04 02:36:42 +0000: Memory Usage (704660K) : Starting deriving base layers.
2022-12-04 02:36:46 +0000: Memory Usage (819012K) : Evaluate switches.
2022-12-04 02:36:46 +0000: Memory Usage (819012K) : FEOL is enabled.
2022-12-04 02:36:46 +0000: Memory Usage (819012K) : BEOL is disabled.
2022-12-04 02:36:46 +0000: Memory Usage (819012K) : connectivity rules are enabled.
2022-12-04 02:36:46 +0000: Memory Usage (819012K) : METAL_TOP Selected is 9K
2022-12-04 02:36:46 +0000: Memory Usage (819012K) : METAL_STACK Selected is 5LM
2022-12-04 02:36:46 +0000: Memory Usage (819012K) : Wedge enabled  true
2022-12-04 02:36:46 +0000: Memory Usage (819012K) : Ball enabled  true
2022-12-04 02:36:46 +0000: Memory Usage (819012K) : Gold enabled  true
2022-12-04 02:36:46 +0000: Memory Usage (819012K) : MIM Option selected B
/home/ivan/mpw_precheck/checks/tech-files/gf180mcuC_mr.drc:543: warning: already initialized constant DRC::DRCEngine::OFFGRID
/home/ivan/mpw_precheck/checks/tech-files/gf180mcuC_mr.drc:463: warning: previous definition of OFFGRID was here
2022-12-04 02:36:46 +0000: Memory Usage (819012K) : Offgrid enabled  true
2022-12-04 02:36:46 +0000: Memory Usage (819012K) : Construct connectivity for the design.
2022-12-04 02:36:50 +0000: Memory Usage (819012K) : Connectivity rules enabled, Netlist object will be generated.
2022-12-04 02:36:57 +0000: Memory Usage (939820K) : Total area of the design is 8997120.228799999 um^2.
2022-12-04 02:36:57 +0000: Memory Usage (939820K) : Total no. of polygons in the design is 942657
2022-12-04 02:36:57 +0000: Memory Usage (939820K) : Initialization and base layers definition.
2022-12-04 02:36:57 +0000: Memory Usage (939820K) : Starting GF180MCU DRC rules.
2022-12-04 02:36:57 +0000: Memory Usage (939820K) : FEOL section
2022-12-04 02:36:57 +0000: Memory Usage (939820K) : Executing rule DN.1
2022-12-04 02:36:58 +0000: Memory Usage (939820K) : CONNECTIVITY_RULES section
2022-12-04 02:36:58 +0000: Memory Usage (939820K) : Executing rule DN.2a
2022-12-04 02:36:58 +0000: Memory Usage (939820K) : Executing rule DN.2b
2022-12-04 02:36:58 +0000: Memory Usage (939820K) : Executing rule DN.3
2022-12-04 02:36:58 +0000: Memory Usage (939820K) : Executing rule LPW.1_3.3V
2022-12-04 02:36:58 +0000: Memory Usage (939820K) : Executing rule LPW.1_5V
2022-12-04 02:36:58 +0000: Memory Usage (939820K) : CONNECTIVITY_RULES section
2022-12-04 02:36:58 +0000: Memory Usage (939820K) : Executing rule LPW.2a_3.3V
2022-12-04 02:36:58 +0000: Memory Usage (939820K) : Executing rule LPW.2a_5V
2022-12-04 02:36:58 +0000: Memory Usage (939820K) : Executing rule LPW.2b_3.3V
2022-12-04 02:36:59 +0000: Memory Usage (939820K) : Executing rule LPW.2b_5V
2022-12-04 02:36:59 +0000: Memory Usage (939820K) : Executing rule LPW.3_3.3V
2022-12-04 02:36:59 +0000: Memory Usage (939820K) : Executing rule LPW.3_5V
2022-12-04 02:36:59 +0000: Memory Usage (939820K) : Executing rule LPW.5_3.3V
2022-12-04 02:36:59 +0000: Memory Usage (939820K) : Executing rule LPW.5_5V
2022-12-04 02:36:59 +0000: Memory Usage (939820K) : Executing rule LPW.11
2022-12-04 02:36:59 +0000: Memory Usage (939820K) : Executing rule LPW.12
2022-12-04 02:36:59 +0000: Memory Usage (939820K) : Executing rule NW.1a_3.3V
2022-12-04 02:36:59 +0000: Memory Usage (939820K) : Executing rule NW.1a_5V
2022-12-04 02:36:59 +0000: Memory Usage (939820K) : Executing rule NW.1b_3.3V
2022-12-04 02:36:59 +0000: Memory Usage (939820K) : Executing rule NW.1b_5V
2022-12-04 02:36:59 +0000: Memory Usage (939820K) : CONNECTIVITY_RULES section
2022-12-04 02:37:00 +0000: Memory Usage (939820K) : Executing rule NW.2a_3.3V
2022-12-04 02:37:00 +0000: Memory Usage (939820K) : Executing rule NW.2a_5V
2022-12-04 02:37:00 +0000: Memory Usage (939820K) : Executing rule NW.2b_3.3V
2022-12-04 02:37:00 +0000: Memory Usage (939820K) : Executing rule NW.2b_5V
2022-12-04 02:37:00 +0000: Memory Usage (939820K) : Executing rule NW.3_3.3V
2022-12-04 02:37:00 +0000: Memory Usage (939820K) : Executing rule NW.3_5V
2022-12-04 02:37:00 +0000: Memory Usage (939820K) : Executing rule NW.4_3.3V
2022-12-04 02:37:00 +0000: Memory Usage (939820K) : Executing rule NW.4_5V
2022-12-04 02:37:00 +0000: Memory Usage (939820K) : Executing rule NW.5_3.3V
2022-12-04 02:37:00 +0000: Memory Usage (939820K) : Executing rule NW.5_5V
2022-12-04 02:37:00 +0000: Memory Usage (939820K) : Executing rule NW.6
2022-12-04 02:37:00 +0000: Memory Usage (939820K) : Executing rule DF.1a_3.3V
2022-12-04 02:37:01 +0000: Memory Usage (939820K) : Executing rule DF.1a_5V
2022-12-04 02:37:01 +0000: Memory Usage (939820K) : Executing rule DF.1c_3.3V
2022-12-04 02:37:01 +0000: Memory Usage (939820K) : Executing rule DF.1c_5V
2022-12-04 02:37:06 +0000: Memory Usage (967904K) : Executing rule DF.2a_3.3V
2022-12-04 02:37:06 +0000: Memory Usage (967904K) : Executing rule DF.2a_5V
2022-12-04 02:37:08 +0000: Memory Usage (967904K) : Executing rule DF.2b_3.3V
2022-12-04 02:37:09 +0000: Memory Usage (1029204K) : Executing rule DF.2b_5V
2022-12-04 02:37:11 +0000: Memory Usage (1040484K) : Executing rule DF.3a_3.3V
2022-12-04 02:37:12 +0000: Memory Usage (1040484K) : Executing rule DF.3a_5V
2022-12-04 02:37:14 +0000: Memory Usage (1040484K) : Executing rule DF.3b_3.3V
2022-12-04 02:37:14 +0000: Memory Usage (1040484K) : Executing rule DF.3b_5V
2022-12-04 02:37:14 +0000: Memory Usage (1040484K) : Executing rule DF.3c_3.3V
2022-12-04 02:37:14 +0000: Memory Usage (1040484K) : Executing rule DF.3c_5V
2022-12-04 02:37:15 +0000: Memory Usage (1040484K) : Executing rule DF.4a_3.3V
2022-12-04 02:37:15 +0000: Memory Usage (1040484K) : Executing rule DF.4a_5V
2022-12-04 02:37:15 +0000: Memory Usage (1040484K) : Executing rule DF.4b_3.3V
2022-12-04 02:37:16 +0000: Memory Usage (1040484K) : Executing rule DF.4b_5V
2022-12-04 02:37:17 +0000: Memory Usage (1040484K) : Executing rule DF.4c_3.3V
2022-12-04 02:37:18 +0000: Memory Usage (1040484K) : Executing rule DF.4c_5V
2022-12-04 02:37:19 +0000: Memory Usage (1040484K) : Executing rule DF.4d_3.3V
2022-12-04 02:37:19 +0000: Memory Usage (1040484K) : Executing rule DF.4d_5V
2022-12-04 02:37:20 +0000: Memory Usage (1040484K) : Executing rule DF.4e_3.3V
2022-12-04 02:37:20 +0000: Memory Usage (1040484K) : Executing rule DF.4e_5V
2022-12-04 02:37:20 +0000: Memory Usage (1040484K) : Executing rule DF.5_3.3V
2022-12-04 02:37:20 +0000: Memory Usage (1055568K) : Executing rule DF.5_5V
2022-12-04 02:37:21 +0000: Memory Usage (1056288K) : Executing rule DF.6_3.3V
2022-12-04 02:37:22 +0000: Memory Usage (1083172K) : Executing rule DF.6_5V
2022-12-04 02:37:22 +0000: Memory Usage (1140660K) : Executing rule DF.7_3.3V
2022-12-04 02:37:23 +0000: Memory Usage (1140660K) : Executing rule DF.7_5V
2022-12-04 02:37:23 +0000: Memory Usage (1140660K) : Executing rule DF.8_3.3V
2022-12-04 02:37:23 +0000: Memory Usage (1140660K) : Executing rule DF.8_5V
2022-12-04 02:37:23 +0000: Memory Usage (1140660K) : Executing rule DF.9_3.3V
2022-12-04 02:37:23 +0000: Memory Usage (1140660K) : Executing rule DF.9_5V
2022-12-04 02:37:23 +0000: Memory Usage (1140660K) : Executing rule DF.10_3.3V
2022-12-04 02:37:23 +0000: Memory Usage (1140660K) : Executing rule DF.10_5V
2022-12-04 02:37:23 +0000: Memory Usage (1140660K) : Executing rule DF.11_3.3V
2022-12-04 02:37:24 +0000: Memory Usage (1140660K) : Executing rule DF.11_5V
2022-12-04 02:37:24 +0000: Memory Usage (1140660K) : Executing rule DF.12_3.3V
2022-12-04 02:37:24 +0000: Memory Usage (1196488K) : Executing rule DF.12_5V
2022-12-04 02:37:26 +0000: Memory Usage (1208108K) : Executing rule DF.13_3.3V
2022-12-04 02:37:37 +0000: Memory Usage (1176952K) : Executing rule DF.13_5V
2022-12-04 02:37:47 +0000: Memory Usage (1177792K) : Executing rule DF.14_3.3V
2022-12-04 02:37:59 +0000: Memory Usage (1188024K) : Executing rule DF.14_5V
2022-12-04 02:38:04 +0000: Memory Usage (1211684K) : Executing rule DF.16_3.3V
2022-12-04 02:38:05 +0000: Memory Usage (1211684K) : Executing rule DF.16_5V
2022-12-04 02:38:05 +0000: Memory Usage (1229136K) : Executing rule DF.17_3.3V
2022-12-04 02:38:05 +0000: Memory Usage (1229136K) : Executing rule DF.17_5V
2022-12-04 02:38:05 +0000: Memory Usage (1229136K) : Executing rule DF.18_3.3V
2022-12-04 02:38:05 +0000: Memory Usage (1229136K) : Executing rule DF.18_5V
2022-12-04 02:38:05 +0000: Memory Usage (1229136K) : Executing rule DF.19_3.3V
2022-12-04 02:38:06 +0000: Memory Usage (1229136K) : Executing rule DF.19_5V
2022-12-04 02:38:06 +0000: Memory Usage (1229136K) : Executing rule DV.1
2022-12-04 02:38:06 +0000: Memory Usage (1229136K) : Executing rule DV.2
2022-12-04 02:38:06 +0000: Memory Usage (1229136K) : Executing rule DV.3
2022-12-04 02:38:06 +0000: Memory Usage (1260216K) : Executing rule DV.5
2022-12-04 02:38:07 +0000: Memory Usage (1260216K) : Executing rule DV.6
2022-12-04 02:38:09 +0000: Memory Usage (1272784K) : Executing rule DV.7
2022-12-04 02:38:10 +0000: Memory Usage (1289240K) : Executing rule DV.8
2022-12-04 02:38:12 +0000: Memory Usage (1289240K) : Executing rule DV.9
2022-12-04 02:38:13 +0000: Memory Usage (1289240K) : Executing rule PL.1_3.3V
2022-12-04 02:38:13 +0000: Memory Usage (1289240K) : Executing rule PL.1_5V
2022-12-04 02:38:14 +0000: Memory Usage (1289240K) : Executing rule PL.1a_3.3V
2022-12-04 02:38:14 +0000: Memory Usage (1289240K) : Executing rule PL.1a_5V
2022-12-04 02:38:14 +0000: Memory Usage (1289240K) : Executing rule PL.2_3.3V
2022-12-04 02:38:30 +0000: Memory Usage (1514396K) : Executing rule PL.2_5V
2022-12-04 02:38:30 +0000: Memory Usage (1514396K) : Executing rule PL.3a_3.3V
2022-12-04 02:38:33 +0000: Memory Usage (1558732K) : Executing rule PL.3a_5V
2022-12-04 02:38:35 +0000: Memory Usage (1615312K) : Executing rule PL.4_3.3V
2022-12-04 02:38:36 +0000: Memory Usage (1671088K) : Executing rule PL.4_5V
2022-12-04 02:38:37 +0000: Memory Usage (1682572K) : Executing rule PL.5a_3.3V
2022-12-04 02:38:37 +0000: Memory Usage (1682572K) : Executing rule PL.5a_5V
2022-12-04 02:38:38 +0000: Memory Usage (1693528K) : Executing rule PL.5b_3.3V
2022-12-04 02:38:39 +0000: Memory Usage (1693528K) : Executing rule PL.5b_5V
2022-12-04 02:38:44 +0000: Memory Usage (1836192K) : Executing rule PL.6
2022-12-04 02:38:51 +0000: Memory Usage (2066692K) : Executing rule PL.7_3.3V
2022-12-04 02:38:52 +0000: Memory Usage (2066692K) : Executing rule PL.7_5V
2022-12-04 02:38:52 +0000: Memory Usage (2066692K) : Executing rule PL.9
2022-12-04 02:38:52 +0000: Memory Usage (2080436K) : Executing rule PL.11
2022-12-04 02:38:52 +0000: Memory Usage (2080436K) : Executing rule PL.12
2022-12-04 02:38:54 +0000: Memory Usage (2136168K) : Executing rule NP.1
2022-12-04 02:38:54 +0000: Memory Usage (2136168K) : Executing rule NP.2
2022-12-04 02:38:54 +0000: Memory Usage (2136168K) : Executing rule NP.3a
2022-12-04 02:38:55 +0000: Memory Usage (2136168K) : Executing rule NP.3bi
2022-12-04 02:38:55 +0000: Memory Usage (2136168K) : Executing rule NP.3bii
2022-12-04 02:38:55 +0000: Memory Usage (2136168K) : Executing rule NP.3ci
2022-12-04 02:38:56 +0000: Memory Usage (2136168K) : Executing rule NP.3cii
2022-12-04 02:38:56 +0000: Memory Usage (2136168K) : Executing rule NP.3d
2022-12-04 02:38:57 +0000: Memory Usage (2137000K) : Executing rule NP.3e
2022-12-04 02:38:57 +0000: Memory Usage (2137000K) : Executing rule NP.4a
2022-12-04 02:39:00 +0000: Memory Usage (2202304K) : Executing rule NP.4b
2022-12-04 02:39:01 +0000: Memory Usage (2202304K) : Executing rule NP.5a
2022-12-04 02:39:02 +0000: Memory Usage (2202304K) : Executing rule NP.5b
2022-12-04 02:39:04 +0000: Memory Usage (2209496K) : Executing rule NP.5ci
2022-12-04 02:39:04 +0000: Memory Usage (2209496K) : Executing rule NP.5cii
2022-12-04 02:39:05 +0000: Memory Usage (2209496K) : Executing rule NP.5di
2022-12-04 02:39:05 +0000: Memory Usage (2209496K) : Executing rule NP.5dii
2022-12-04 02:39:05 +0000: Memory Usage (2209496K) : Executing rule NP.6
2022-12-04 02:39:09 +0000: Memory Usage (2240508K) : Executing rule NP.7
2022-12-04 02:39:09 +0000: Memory Usage (2240508K) : Executing rule NP.8a
2022-12-04 02:39:10 +0000: Memory Usage (2240508K) : Executing rule NP.8b
2022-12-04 02:39:10 +0000: Memory Usage (2240508K) : Executing rule NP.9
2022-12-04 02:39:10 +0000: Memory Usage (2240508K) : Executing rule NP.10
2022-12-04 02:39:11 +0000: Memory Usage (2240508K) : Executing rule NP.11
2022-12-04 02:39:11 +0000: Memory Usage (2240508K) : Executing rule NP.12
2022-12-04 02:39:12 +0000: Memory Usage (2240508K) : Executing rule PP.1
2022-12-04 02:39:12 +0000: Memory Usage (2240508K) : Executing rule PP.2
2022-12-04 02:39:12 +0000: Memory Usage (2240508K) : Executing rule PP.3a
2022-12-04 02:39:13 +0000: Memory Usage (2252084K) : Executing rule PP.3bi
2022-12-04 02:39:14 +0000: Memory Usage (2252084K) : Executing rule PP.3bii
2022-12-04 02:39:14 +0000: Memory Usage (2258072K) : Executing rule PP.3ci
2022-12-04 02:39:14 +0000: Memory Usage (2261664K) : Executing rule PP.3cii
2022-12-04 02:39:15 +0000: Memory Usage (2261664K) : Executing rule PP.3d
2022-12-04 02:39:15 +0000: Memory Usage (2261664K) : Executing rule PP.3e
2022-12-04 02:39:15 +0000: Memory Usage (2261664K) : Executing rule PP.4a
2022-12-04 02:39:18 +0000: Memory Usage (2343988K) : Executing rule PP.4b
2022-12-04 02:39:18 +0000: Memory Usage (2343988K) : Executing rule PP.5a
2022-12-04 02:39:20 +0000: Memory Usage (2343988K) : Executing rule PP.5b
2022-12-04 02:39:21 +0000: Memory Usage (2344216K) : Executing rule PP.5ci
2022-12-04 02:39:21 +0000: Memory Usage (2344216K) : Executing rule PP.5cii
2022-12-04 02:39:22 +0000: Memory Usage (2352408K) : Executing rule PP.5di
2022-12-04 02:39:22 +0000: Memory Usage (2362580K) : Executing rule PP.5dii
2022-12-04 02:39:23 +0000: Memory Usage (2365652K) : Executing rule PP.6
2022-12-04 02:39:24 +0000: Memory Usage (2391828K) : Executing rule PP.7
2022-12-04 02:39:24 +0000: Memory Usage (2391828K) : Executing rule PP.8a
2022-12-04 02:39:24 +0000: Memory Usage (2391828K) : Executing rule PP.8b
2022-12-04 02:39:24 +0000: Memory Usage (2391828K) : Executing rule PP.9
2022-12-04 02:39:25 +0000: Memory Usage (2391828K) : Executing rule PP.10
2022-12-04 02:39:25 +0000: Memory Usage (2391828K) : Executing rule PP.11
2022-12-04 02:39:26 +0000: Memory Usage (2391828K) : Executing rule PP.12
2022-12-04 02:39:27 +0000: Memory Usage (2400464K) : Executing rule SB.1
2022-12-04 02:39:27 +0000: Memory Usage (2400464K) : Executing rule SB.2
2022-12-04 02:39:27 +0000: Memory Usage (2400464K) : Executing rule SB.3
2022-12-04 02:39:27 +0000: Memory Usage (2400464K) : Executing rule SB.4
2022-12-04 02:39:27 +0000: Memory Usage (2400464K) : Executing rule SB.5a
2022-12-04 02:39:29 +0000: Memory Usage (2509244K) : Executing rule SB.5b
2022-12-04 02:39:29 +0000: Memory Usage (2509244K) : Executing rule SB.6
2022-12-04 02:39:29 +0000: Memory Usage (2509244K) : Executing rule SB.7
2022-12-04 02:39:29 +0000: Memory Usage (2509244K) : Executing rule SB.8
2022-12-04 02:39:29 +0000: Memory Usage (2509244K) : Executing rule SB.9
2022-12-04 02:39:30 +0000: Memory Usage (2509244K) : Executing rule SB.10
2022-12-04 02:39:30 +0000: Memory Usage (2509244K) : Executing rule SB.11
2022-12-04 02:39:30 +0000: Memory Usage (2509244K) : Executing rule SB.12
2022-12-04 02:39:30 +0000: Memory Usage (2509244K) : Executing rule SB.13
2022-12-04 02:39:30 +0000: Memory Usage (2509244K) : Executing rule SB.14a
2022-12-04 02:39:31 +0000: Memory Usage (2509244K) : Executing rule SB.14b
2022-12-04 02:39:31 +0000: Memory Usage (2509244K) : Executing rule SB.15a
2022-12-04 02:39:33 +0000: Memory Usage (2566940K) : Executing rule SB.15b
2022-12-04 02:39:34 +0000: Memory Usage (2566940K) : Executing rule SB.16
2022-12-04 02:39:34 +0000: Memory Usage (2568452K) : Executing rule ESD.1
2022-12-04 02:39:34 +0000: Memory Usage (2568452K) : Executing rule ESD.2
2022-12-04 02:39:34 +0000: Memory Usage (2568452K) : Executing rule ESD.3a
2022-12-04 02:39:35 +0000: Memory Usage (2568452K) : Executing rule ESD.3b
2022-12-04 02:39:35 +0000: Memory Usage (2568452K) : Executing rule ESD.4a
2022-12-04 02:39:35 +0000: Memory Usage (2568452K) : Executing rule ESD.4b
2022-12-04 02:39:35 +0000: Memory Usage (2568452K) : Executing rule ESD.5a
2022-12-04 02:39:35 +0000: Memory Usage (2568452K) : Executing rule ESD.5b
2022-12-04 02:39:35 +0000: Memory Usage (2568452K) : Executing rule ESD.6
2022-12-04 02:39:37 +0000: Memory Usage (2594264K) : Executing rule ESD.7
2022-12-04 02:39:37 +0000: Memory Usage (2594264K) : Executing rule ESD.8
2022-12-04 02:39:37 +0000: Memory Usage (2594264K) : Executing rule ESD.pl
2022-12-04 02:39:38 +0000: Memory Usage (2594264K) : Executing rule ESD.9
2022-12-04 02:39:38 +0000: Memory Usage (2594264K) : Executing rule ESD.10
2022-12-04 02:39:38 +0000: Memory Usage (2594264K) : Executing rule CO.1
2022-12-04 02:39:41 +0000: Memory Usage (2701232K) : Executing rule CO.2a
2022-12-04 02:39:52 +0000: Memory Usage (2852660K) : Executing rule CO.2b
2022-12-04 02:39:53 +0000: Memory Usage (2852660K) : Executing rule CO.3
2022-12-04 02:39:58 +0000: Memory Usage (3081724K) : Executing rule CO.4
2022-12-04 02:40:05 +0000: Memory Usage (3331120K) : Executing rule CO.5a
2022-12-04 02:40:08 +0000: Memory Usage (3331120K) : Executing rule CO.5b
2022-12-04 02:40:08 +0000: Memory Usage (3331120K) : Executing rule CO.6
2022-12-04 02:41:33 +0000: Memory Usage (3428220K) : Executing rule CO.6a
2022-12-04 02:43:43 +0000: Memory Usage (4207508K) : Executing rule CO.6b
2022-12-04 02:43:47 +0000: Memory Usage (4291604K) : Executing rule CO.7
2022-12-04 02:43:51 +0000: Memory Usage (4325264K) : Executing rule CO.8
2022-12-04 02:43:54 +0000: Memory Usage (4325264K) : Executing rule CO.9
2022-12-04 02:43:55 +0000: Memory Usage (4325264K) : Executing rule CO.10
2022-12-04 02:43:55 +0000: Memory Usage (4325264K) : Executing rule CO.11
2022-12-04 02:44:01 +0000: Memory Usage (4376696K) : Executing rule MC.1
2022-12-04 02:44:02 +0000: Memory Usage (4376696K) : Executing rule MC.2
2022-12-04 02:44:02 +0000: Memory Usage (4376696K) : Executing rule MC.3
2022-12-04 02:44:02 +0000: Memory Usage (4376696K) : Executing rule MC.4
2022-12-04 02:44:03 +0000: Memory Usage (4376696K) : Executing rule PRES.1
2022-12-04 02:44:03 +0000: Memory Usage (4376696K) : Executing rule PRES.2
2022-12-04 02:44:03 +0000: Memory Usage (4376696K) : Executing rule PRES.3
2022-12-04 02:44:03 +0000: Memory Usage (4376696K) : Executing rule PRES.4
2022-12-04 02:44:04 +0000: Memory Usage (4376696K) : Executing rule PRES.5
2022-12-04 02:44:04 +0000: Memory Usage (4376696K) : Executing rule PRES.6
2022-12-04 02:44:04 +0000: Memory Usage (4376696K) : Executing rule PRES.7
2022-12-04 02:44:05 +0000: Memory Usage (4376696K) : Executing rule PRES.9a
2022-12-04 02:44:05 +0000: Memory Usage (4376696K) : Executing rule PRES.9b
2022-12-04 02:44:05 +0000: Memory Usage (4376696K) : Executing rule LRES.1
2022-12-04 02:44:06 +0000: Memory Usage (4376696K) : Executing rule LRES.2
2022-12-04 02:44:06 +0000: Memory Usage (4376696K) : Executing rule LRES.3
2022-12-04 02:44:06 +0000: Memory Usage (4376696K) : Executing rule LRES.4
2022-12-04 02:44:06 +0000: Memory Usage (4376696K) : Executing rule LRES.5
2022-12-04 02:44:07 +0000: Memory Usage (4376696K) : Executing rule LRES.6
2022-12-04 02:44:08 +0000: Memory Usage (4376696K) : Executing rule LRES.7
2022-12-04 02:44:08 +0000: Memory Usage (4376696K) : Executing rule LRES.9a
2022-12-04 02:44:09 +0000: Memory Usage (4376696K) : Executing rule LRES.9b
2022-12-04 02:44:11 +0000: Memory Usage (4376696K) : Executing rule HRES.1
2022-12-04 02:44:11 +0000: Memory Usage (4376696K) : Executing rule HRES.2
2022-12-04 02:44:11 +0000: Memory Usage (4376696K) : Executing rule HRES.3
2022-12-04 02:44:11 +0000: Memory Usage (4376696K) : Executing rule HRES.4
2022-12-04 02:44:12 +0000: Memory Usage (4376696K) : Executing rule HRES.5
2022-12-04 02:44:12 +0000: Memory Usage (4376696K) : Executing rule HRES.6
2022-12-04 02:44:13 +0000: Memory Usage (4376696K) : Executing rule HRES.7
2022-12-04 02:44:13 +0000: Memory Usage (4376696K) : Executing rule HRES.8
2022-12-04 02:44:14 +0000: Memory Usage (4376696K) : Executing rule HRES.9
2022-12-04 02:44:14 +0000: Memory Usage (4376696K) : Executing rule HRES.10
2022-12-04 02:44:15 +0000: Memory Usage (4376696K) : Executing rule HRES.12a
2022-12-04 02:44:15 +0000: Memory Usage (4376696K) : Executing rule HRES.12b
2022-12-04 02:44:15 +0000: Memory Usage (4376696K) : MIM Capacitor Option B section
2022-12-04 02:44:16 +0000: Memory Usage (4376696K) : Executing rule MIMTM.1
2022-12-04 02:44:16 +0000: Memory Usage (4376696K) : Executing rule MIMTM.2
2022-12-04 02:44:16 +0000: Memory Usage (4376696K) : Executing rule MIMTM.3
2022-12-04 02:44:16 +0000: Memory Usage (4376696K) : Executing rule MIMTM.4
2022-12-04 02:44:17 +0000: Memory Usage (4376696K) : Executing rule MIMTM.5
2022-12-04 02:44:18 +0000: Memory Usage (4376696K) : Executing rule MIMTM.6
2022-12-04 02:44:18 +0000: Memory Usage (4376696K) : Executing rule MIMTM.7
2022-12-04 02:44:18 +0000: Memory Usage (4376696K) : Executing rule MIMTM.8a
2022-12-04 02:44:19 +0000: Memory Usage (4376696K) : Executing rule MIMTM.8b
2022-12-04 02:44:19 +0000: Memory Usage (4376696K) : Executing rule MIMTM.9
2022-12-04 02:44:19 +0000: Memory Usage (4376696K) : Executing rule MIMTM.10
2022-12-04 02:44:19 +0000: Memory Usage (4376696K) : Executing rule MIMTM.11
2022-12-04 02:44:19 +0000: Memory Usage (4376696K) : Executing rule NAT.1
2022-12-04 02:44:20 +0000: Memory Usage (4376696K) : Executing rule NAT.2
2022-12-04 02:44:20 +0000: Memory Usage (4376696K) : Executing rule NAT.3
2022-12-04 02:44:20 +0000: Memory Usage (4376696K) : Executing rule NAT.4
2022-12-04 02:44:22 +0000: Memory Usage (4376696K) : Executing rule NAT.5
2022-12-04 02:44:23 +0000: Memory Usage (4376696K) : CONNECTIVITY_RULES section
2022-12-04 02:44:23 +0000: Memory Usage (4376696K) : Executing rule NAT.6
2022-12-04 02:44:24 +0000: Memory Usage (4376696K) : Executing rule NAT.7
2022-12-04 02:44:24 +0000: Memory Usage (4376696K) : Executing rule NAT.8
2022-12-04 02:44:24 +0000: Memory Usage (4376696K) : Executing rule NAT.9
2022-12-04 02:44:25 +0000: Memory Usage (4376696K) : Executing rule NAT.10
2022-12-04 02:44:25 +0000: Memory Usage (4376696K) : Executing rule NAT.11
2022-12-04 02:44:25 +0000: Memory Usage (4376696K) : Executing rule NAT.12
2022-12-04 02:44:25 +0000: Memory Usage (4376696K) : Executing rule BJT.1
2022-12-04 02:44:25 +0000: Memory Usage (4376696K) : Executing rule BJT.2
2022-12-04 02:44:26 +0000: Memory Usage (4399596K) : Executing rule BJT.3
2022-12-04 02:44:26 +0000: Memory Usage (4399596K) : Executing rule DE.2
2022-12-04 02:44:27 +0000: Memory Usage (4399596K) : Executing rule DE.3
2022-12-04 02:44:27 +0000: Memory Usage (4399596K) : Executing rule DE.4
2022-12-04 02:44:28 +0000: Memory Usage (4405600K) : Executing rule LVS_BJT.1
2022-12-04 02:44:28 +0000: Memory Usage (4405600K) : Executing rule O.DF.3a
2022-12-04 02:44:28 +0000: Memory Usage (4405600K) : Executing rule O.DF.6
2022-12-04 02:44:28 +0000: Memory Usage (4405600K) : Executing rule O.DF.9
2022-12-04 02:44:29 +0000: Memory Usage (4405600K) : Executing rule O.PL.2
2022-12-04 02:44:30 +0000: Memory Usage (4425816K) : Executing rule O.PL.3a
2022-12-04 02:44:33 +0000: Memory Usage (4491684K) : Executing rule O.PL.4
2022-12-04 02:44:33 +0000: Memory Usage (4491684K) : Executing rule O.SB.2
2022-12-04 02:44:33 +0000: Memory Usage (4491684K) : Executing rule O.SB.3
2022-12-04 02:44:33 +0000: Memory Usage (4491684K) : Executing rule O.SB.4
2022-12-04 02:44:34 +0000: Memory Usage (4491684K) : Executing rule O.SB.5b_3.3V
2022-12-04 02:44:34 +0000: Memory Usage (4491684K) : Executing rule O.SB.9
2022-12-04 02:44:34 +0000: Memory Usage (4491684K) : Executing rule O.SB.11
2022-12-04 02:44:34 +0000: Memory Usage (4491684K) : Executing rule O.SB.13_3.3V
2022-12-04 02:44:35 +0000: Memory Usage (4491684K) : Executing rule O.SB.13_5V
2022-12-04 02:44:35 +0000: Memory Usage (4491684K) : Executing rule O.CO.7
2022-12-04 02:44:39 +0000: Memory Usage (4676864K) : Executing rule O.PL.ORT
2022-12-04 02:44:44 +0000: Memory Usage (4676864K) : Executing rule EF.01
2022-12-04 02:44:45 +0000: Memory Usage (4676864K) : Executing rule EF.02
2022-12-04 02:44:45 +0000: Memory Usage (4676864K) : Executing rule EF.03
2022-12-04 02:44:46 +0000: Memory Usage (4676864K) : Executing rule EF.04a
2022-12-04 02:44:46 +0000: Memory Usage (4676864K) : Executing rule EF.04b
2022-12-04 02:44:46 +0000: Memory Usage (4676864K) : Executing rule EF.04c
2022-12-04 02:44:46 +0000: Memory Usage (4676864K) : Executing rule EF.04d
2022-12-04 02:44:47 +0000: Memory Usage (4676864K) : Executing rule EF.05
2022-12-04 02:44:47 +0000: Memory Usage (4676864K) : Executing rule EF.06
2022-12-04 02:44:47 +0000: Memory Usage (4676864K) : Executing rule EF.07
2022-12-04 02:44:47 +0000: Memory Usage (4676864K) : Executing rule EF.08
2022-12-04 02:44:48 +0000: Memory Usage (4676864K) : Executing rule EF.09
2022-12-04 02:44:48 +0000: Memory Usage (4676864K) : Executing rule EF.10
2022-12-04 02:44:48 +0000: Memory Usage (4676864K) : Executing rule EF.11
2022-12-04 02:44:48 +0000: Memory Usage (4676864K) : Executing rule EF.12
2022-12-04 02:44:48 +0000: Memory Usage (4676864K) : Executing rule EF.13
2022-12-04 02:44:49 +0000: Memory Usage (4676864K) : Executing rule EF.14
2022-12-04 02:44:49 +0000: Memory Usage (4676864K) : Executing rule EF.15
2022-12-04 02:44:49 +0000: Memory Usage (4676864K) : Executing rule EF.16a
2022-12-04 02:44:49 +0000: Memory Usage (4676864K) : Executing rule EF.16b
2022-12-04 02:44:50 +0000: Memory Usage (4676864K) : Executing rule EF.17
2022-12-04 02:44:50 +0000: Memory Usage (4676864K) : Executing rule EF.18
